--------------------------------------------------------------------------------
Release 14.5 Trace  (nt64)
Copyright (c) 1995-2012 Xilinx, Inc.  All rights reserved.

C:\Xilinx\14.5\ISE_DS\ISE\bin\nt64\unwrapped\trce.exe -intstyle ise -v 3 -s 2
-n 3 -fastpaths -xml Display.twx Display.ncd -o Display.twr Display.pcf -ucf
Display.ucf

Design file:              Display.ncd
Physical constraint file: Display.pcf
Device,package,speed:     xc6slx16,ftg256,C,-2 (PRODUCTION 1.23 2013-03-26)
Report level:             verbose report

Environment Variable      Effect 
--------------------      ------ 
NONE                      No environment variables were set
--------------------------------------------------------------------------------

INFO:Timing:2698 - No timing constraints found, doing default enumeration.
INFO:Timing:3412 - To improve timing, see the Timing Closure User Guide (UG612).
INFO:Timing:2752 - To get complete path coverage, use the unconstrained paths 
   option. All paths that are not constrained will be reported in the 
   unconstrained paths section(s) of the report.
INFO:Timing:3339 - The clock-to-out numbers in this timing report are based on 
   a 50 Ohm transmission line loading model.  For the details of this model, 
   and for more information on accounting for different loading conditions, 
   please see the device datasheet.



Data Sheet report:
-----------------
All values displayed in nanoseconds (ns)

Setup/Hold to clock clk
------------+------------+------------+------------+------------+------------------+--------+
            |Max Setup to|  Process   |Max Hold to |  Process   |                  | Clock  |
Source      | clk (edge) |   Corner   | clk (edge) |   Corner   |Internal Clock(s) | Phase  |
------------+------------+------------+------------+------------+------------------+--------+
pause       |    4.851(F)|      SLOW  |   -0.483(F)|      FAST  |clk_BUFGP         |   0.000|
reset       |    2.443(F)|      SLOW  |   -0.220(F)|      SLOW  |clk_BUFGP         |   0.000|
------------+------------+------------+------------+------------+------------------+--------+

Clock clk to Pad
------------+-----------------+------------+-----------------+------------+------------------+--------+
            |Max (slowest) clk|  Process   |Min (fastest) clk|  Process   |                  | Clock  |
Destination |  (edge) to PAD  |   Corner   |  (edge) to PAD  |   Corner   |Internal Clock(s) | Phase  |
------------+-----------------+------------+-----------------+------------+------------------+--------+
habilita<0> |         9.354(F)|      SLOW  |         4.038(F)|      FAST  |clk_BUFGP         |   0.000|
habilita<1> |         9.476(F)|      SLOW  |         3.947(F)|      FAST  |clk_BUFGP         |   0.000|
salida<0>   |        11.813(F)|      SLOW  |         4.332(F)|      FAST  |clk_BUFGP         |   0.000|
salida<1>   |        11.060(F)|      SLOW  |         3.857(F)|      FAST  |clk_BUFGP         |   0.000|
salida<2>   |        12.475(F)|      SLOW  |         4.792(F)|      FAST  |clk_BUFGP         |   0.000|
salida<3>   |        12.384(F)|      SLOW  |         5.021(F)|      FAST  |clk_BUFGP         |   0.000|
salida<4>   |        11.327(F)|      SLOW  |         4.400(F)|      FAST  |clk_BUFGP         |   0.000|
salida<5>   |        11.671(F)|      SLOW  |         4.366(F)|      FAST  |clk_BUFGP         |   0.000|
salida<6>   |        11.642(F)|      SLOW  |         4.386(F)|      FAST  |clk_BUFGP         |   0.000|
------------+-----------------+------------+-----------------+------------+------------------+--------+

Clock to Setup on destination clock clk
---------------+---------+---------+---------+---------+
               | Src:Rise| Src:Fall| Src:Rise| Src:Fall|
Source Clock   |Dest:Rise|Dest:Rise|Dest:Fall|Dest:Fall|
---------------+---------+---------+---------+---------+
clk            |         |         |         |    4.261|
---------------+---------+---------+---------+---------+


Analysis completed Mon Apr 23 12:33:20 2018 
--------------------------------------------------------------------------------

Trace Settings:
-------------------------
Trace Settings 

Peak Memory Usage: 240 MB



