Running: C:\Xilinx\14.5\ISE_DS\ISE\bin\nt64\unwrapped\fuse.exe -intstyle ise -incremental -lib secureip -o G:/Logica Secuencial/2do Parcial/MESema/tb_MESema_isim_beh.exe -prj G:/Logica Secuencial/2do Parcial/MESema/tb_MESema_beh.prj work.tb_MESema 
ISim P.58f (signature 0x7708f090)
Number of CPUs detected in this system: 2
Turning on mult-threading, number of parallel sub-compilation jobs: 4 
Determining compilation order of HDL files
Parsing VHDL file "G:/Logica Secuencial/2do Parcial/MESema/MESema.vhd" into library work
Parsing VHDL file "G:/Logica Secuencial/2do Parcial/MESema/tb_MESema.vhd" into library work
Starting static elaboration
Completed static elaboration
Compiling package standard
Compiling package std_logic_1164
Compiling package std_logic_arith
Compiling package std_logic_unsigned
Compiling architecture behavioral of entity MESema [mesema_default]
Compiling architecture behavior of entity tb_mesema
Time Resolution for simulation is 1ps.
Waiting for 2 sub-compilation(s) to finish...
WARNING:Simulator - Unable to copy libPortabilityNOSH.dll to the simulation executable directory: boost::filesystem::copy_file: El sistema no puede encontrar la ruta especificada, "isim\tb_MESema_isim_beh.exe.sim\libPortability.dll".
Compiled 7 VHDL Units
Built simulation executable G:/Logica Secuencial/2do Parcial/MESema/tb_MESema_isim_beh.exe
Fuse Memory Usage: 33568 KB
Fuse CPU Usage: 1077 ms
