Release 14.5 - xst P.58f (nt64)
Copyright (c) 1995-2012 Xilinx, Inc.  All rights reserved.
--> Parameter TMPDIR set to xst/projnav.tmp


Total REAL time to Xst completion: 1.00 secs
Total CPU time to Xst completion: 1.23 secs
 
--> Parameter xsthdpdir set to xst


Total REAL time to Xst completion: 1.00 secs
Total CPU time to Xst completion: 1.23 secs
 
--> Reading design: BCDDisplay.prj

TABLE OF CONTENTS
  1) Synthesis Options Summary
  2) HDL Parsing
  3) HDL Elaboration
  4) HDL Synthesis
       4.1) HDL Synthesis Report
  5) Advanced HDL Synthesis
       5.1) Advanced HDL Synthesis Report
  6) Low Level Synthesis
  7) Partition Report
  8) Design Summary
       8.1) Primitive and Black Box Usage
       8.2) Device utilization summary
       8.3) Partition Resource Summary
       8.4) Timing Report
            8.4.1) Clock Information
            8.4.2) Asynchronous Control Signals Information
            8.4.3) Timing Summary
            8.4.4) Timing Details
            8.4.5) Cross Clock Domains Report


=========================================================================
*                      Synthesis Options Summary                        *
=========================================================================
---- Source Parameters
Input File Name                    : "BCDDisplay.prj"
Ignore Synthesis Constraint File   : NO

---- Target Parameters
Output File Name                   : "BCDDisplay"
Output Format                      : NGC
Target Device                      : xc6slx16-2-ftg256

---- Source Options
Top Module Name                    : BCDDisplay
Automatic FSM Extraction           : YES
FSM Encoding Algorithm             : Auto
Safe Implementation                : No
FSM Style                          : LUT
RAM Extraction                     : Yes
RAM Style                          : Auto
ROM Extraction                     : Yes
Shift Register Extraction          : YES
ROM Style                          : Auto
Resource Sharing                   : YES
Asynchronous To Synchronous        : NO
Shift Register Minimum Size        : 2
Use DSP Block                      : Auto
Automatic Register Balancing       : No

---- Target Options
LUT Combining                      : Auto
Reduce Control Sets                : Auto
Add IO Buffers                     : YES
Global Maximum Fanout              : 100000
Add Generic Clock Buffer(BUFG)     : 16
Register Duplication               : YES
Optimize Instantiated Primitives   : NO
Use Clock Enable                   : Auto
Use Synchronous Set                : Auto
Use Synchronous Reset              : Auto
Pack IO Registers into IOBs        : Auto
Equivalent register Removal        : YES

---- General Options
Optimization Goal                  : Speed
Optimization Effort                : 1
Power Reduction                    : NO
Keep Hierarchy                     : No
Netlist Hierarchy                  : As_Optimized
RTL Output                         : Yes
Global Optimization                : AllClockNets
Read Cores                         : YES
Write Timing Constraints           : NO
Cross Clock Analysis               : NO
Hierarchy Separator                : /
Bus Delimiter                      : <>
Case Specifier                     : Maintain
Slice Utilization Ratio            : 100
BRAM Utilization Ratio             : 100
DSP48 Utilization Ratio            : 100
Auto BRAM Packing                  : NO
Slice Utilization Ratio Delta      : 5

=========================================================================


=========================================================================
*                          HDL Parsing                                  *
=========================================================================
Parsing VHDL file "F:\Logica Secuencial\2do Parcial\Practica13_ContadorDecimal\jk\jk.vhd" into library work
Parsing entity <jk>.
Parsing architecture <Behavioral> of entity <jk>.
Parsing VHDL file "F:\Logica Secuencial\2do Parcial\Practica13_ContadorDecimal\ffjk\ffjk.vhd" into library work
Parsing entity <ffjk>.
Parsing architecture <Behavioral> of entity <ffjk>.
Parsing VHDL file "F:\Logica Secuencial\2do Parcial\Practica13_ContadorDecimal\ContadorBCD\ContadorBCD.vhd" into library work
Parsing entity <ContadorBCD>.
Parsing architecture <Behavioral> of entity <contadorbcd>.
Parsing VHDL file "F:\Logica Secuencial\2do Parcial\Practica14_ContadorDisplay1\BCDDisplay\BCDDisplay.vhd" into library work
Parsing entity <BCDDisplay>.
Parsing architecture <Behavioral> of entity <bcddisplay>.

=========================================================================
*                            HDL Elaboration                            *
=========================================================================

Elaborating entity <BCDDisplay> (architecture <Behavioral>) from library <work>.

Elaborating entity <ContadorBCD> (architecture <Behavioral>) from library <work>.

Elaborating entity <jk> (architecture <Behavioral>) from library <work>.

Elaborating entity <ffjk> (architecture <Behavioral>) from library <work>.

=========================================================================
*                           HDL Synthesis                               *
=========================================================================

Synthesizing Unit <BCDDisplay>.
    Related source file is "F:\Logica Secuencial\2do Parcial\Practica14_ContadorDisplay1\BCDDisplay\BCDDisplay.vhd".
    Found 1-bit register for signal <tmp>.
    Found 1-bit register for signal <contador>.
    Found 1-bit adder for signal <contador[0]_PWR_5_o_add_1_OUT<0>> created at line 35.
    Found 16x7-bit Read Only RAM for signal <salida>
    Summary:
	inferred   1 RAM(s).
	inferred   1 Adder/Subtractor(s).
	inferred   2 D-type flip-flop(s).
Unit <BCDDisplay> synthesized.

Synthesizing Unit <ContadorBCD>.
    Related source file is "F:\Logica Secuencial\2do Parcial\Practica13_ContadorDecimal\ContadorBCD\ContadorBCD.vhd".
    Found 1-bit register for signal <tmp>.
    Found 1-bit register for signal <conta>.
    Found 1-bit adder for signal <conta[0]_PWR_6_o_add_1_OUT<0>> created at line 45.
    Summary:
	inferred   1 Adder/Subtractor(s).
	inferred   2 D-type flip-flop(s).
Unit <ContadorBCD> synthesized.

Synthesizing Unit <jk>.
    Related source file is "F:\Logica Secuencial\2do Parcial\Practica13_ContadorDecimal\jk\jk.vhd".
    Found 1-bit register for signal <tmpq>.
    Summary:
	inferred   1 D-type flip-flop(s).
Unit <jk> synthesized.

Synthesizing Unit <ffjk>.
    Related source file is "F:\Logica Secuencial\2do Parcial\Practica13_ContadorDecimal\ffjk\ffjk.vhd".
    Found 1-bit register for signal <tmpqn>.
    Found 1-bit register for signal <tmpq>.
    Summary:
	inferred   2 D-type flip-flop(s).
Unit <ffjk> synthesized.

=========================================================================
HDL Synthesis Report

Macro Statistics
# RAMs                                                 : 1
 16x7-bit single-port Read Only RAM                    : 1
# Adders/Subtractors                                   : 2
 1-bit adder                                           : 2
# Registers                                            : 9
 1-bit register                                        : 9

=========================================================================

=========================================================================
*                       Advanced HDL Synthesis                          *
=========================================================================


Synthesizing (advanced) Unit <BCDDisplay>.
The following registers are absorbed into counter <contador_0>: 1 register on signal <contador_0>.
INFO:Xst:3218 - HDL ADVISOR - The RAM <Mram_salida> will be implemented on LUTs either because you have described an asynchronous read or because of currently unsupported block RAM features. If you have described an asynchronous read, making it synchronous would allow you to take advantage of available block RAM resources, for optimized device usage and improved timings. Please refer to your documentation for coding guidelines.
    -----------------------------------------------------------------------
    | ram_type           | Distributed                         |          |
    -----------------------------------------------------------------------
    | Port A                                                              |
    |     aspect ratio   | 16-word x 7-bit                     |          |
    |     weA            | connected to signal <GND>           | high     |
    |     addrA          | connected to signal <display>       |          |
    |     diA            | connected to signal <GND>           |          |
    |     doA            | connected to signal <salida>        |          |
    -----------------------------------------------------------------------
Unit <BCDDisplay> synthesized (advanced).

Synthesizing (advanced) Unit <ContadorBCD>.
The following registers are absorbed into counter <conta_0>: 1 register on signal <conta_0>.
Unit <ContadorBCD> synthesized (advanced).

=========================================================================
Advanced HDL Synthesis Report

Macro Statistics
# RAMs                                                 : 1
 16x7-bit single-port distributed Read Only RAM        : 1
# Counters                                             : 2
 1-bit up counter                                      : 2
# Registers                                            : 7
 Flip-Flops                                            : 7

=========================================================================

=========================================================================
*                         Low Level Synthesis                           *
=========================================================================

Optimizing unit <BCDDisplay> ...

Optimizing unit <ContadorBCD> ...

Mapping all equations...
Building and optimizing final netlist ...
Found area constraint ratio of 100 (+ 5) on block BCDDisplay, actual ratio is 0.

Final Macro Processing ...

=========================================================================
Final Register Report

Macro Statistics
# Registers                                            : 9
 Flip-Flops                                            : 9

=========================================================================

=========================================================================
*                           Partition Report                            *
=========================================================================

Partition Implementation Status
-------------------------------

  No Partitions were found in this design.

-------------------------------

=========================================================================
*                            Design Summary                             *
=========================================================================

Top Level Output File Name         : BCDDisplay.ngc

Primitive and Black Box Usage:
------------------------------
# BELS                             : 19
#      GND                         : 1
#      INV                         : 7
#      LUT2                        : 1
#      LUT3                        : 2
#      LUT4                        : 7
#      VCC                         : 1
# FlipFlops/Latches                : 9
#      FD_1                        : 5
#      FDE_1                       : 2
#      FDR                         : 2
# Clock Buffers                    : 1
#      BUFGP                       : 1
# IO Buffers                       : 11
#      OBUF                        : 11

Device utilization summary:
---------------------------

Selected Device : 6slx16ftg256-2 


Slice Logic Utilization: 
 Number of Slice Registers:               9  out of  18224     0%  
 Number of Slice LUTs:                   17  out of   9112     0%  
    Number used as Logic:                17  out of   9112     0%  

Slice Logic Distribution: 
 Number of LUT Flip Flop pairs used:     17
   Number with an unused Flip Flop:       8  out of     17    47%  
   Number with an unused LUT:             0  out of     17     0%  
   Number of fully used LUT-FF pairs:     9  out of     17    52%  
   Number of unique control sets:         7

IO Utilization: 
 Number of IOs:                          12
 Number of bonded IOBs:                  12  out of    186     6%  

Specific Feature Utilization:
 Number of BUFG/BUFGCTRL/BUFHCEs:         1  out of     16     6%  

---------------------------
Partition Resource Summary:
---------------------------

  No Partitions were found in this design.

---------------------------


=========================================================================
Timing Report

NOTE: THESE TIMING NUMBERS ARE ONLY A SYNTHESIS ESTIMATE.
      FOR ACCURATE TIMING INFORMATION PLEASE REFER TO THE TRACE REPORT
      GENERATED AFTER PLACE-and-ROUTE.

Clock Information:
------------------
-----------------------------------+---------------------------------------+-------+
Clock Signal                       | Clock buffer(FF name)                 | Load  |
-----------------------------------+---------------------------------------+-------+
clk                                | BUFGP                                 | 2     |
tmp                                | NONE(Inst_ContadorBCD/conta_0)        | 2     |
Inst_ContadorBCD/Inst_jk1/tmpq     | NONE(Inst_ContadorBCD/Inst_ffjk/tmpqn)| 3     |
Inst_ContadorBCD/tmp               | NONE(Inst_ContadorBCD/Inst_jk1/tmpq)  | 1     |
Inst_ContadorBCD/Inst_jk2/tmpq     | NONE(Inst_ContadorBCD/Inst_jk3/tmpq)  | 1     |
-----------------------------------+---------------------------------------+-------+
INFO:Xst:2169 - HDL ADVISOR - Some clock signals were not automatically buffered by XST with BUFG/BUFR resources. Please use the buffer_type constraint in order to insert these buffers to the clock signals to help prevent skew problems.

Asynchronous Control Signals Information:
----------------------------------------
No asynchronous control signals found in this design

Timing Summary:
---------------
Speed Grade: -2

   Minimum period: 2.573ns (Maximum Frequency: 388.651MHz)
   Minimum input arrival time before clock: No path found
   Maximum output required time after clock: 5.687ns
   Maximum combinational path delay: No path found

Timing Details:
---------------
All values displayed in nanoseconds (ns)

=========================================================================
Timing constraint: Default period analysis for Clock 'clk'
  Clock period: 2.304ns (frequency: 434.028MHz)
  Total number of paths / destination ports: 4 / 4
-------------------------------------------------------------------------
Delay:               2.304ns (Levels of Logic = 1)
  Source:            tmp (FF)
  Destination:       tmp (FF)
  Source Clock:      clk falling
  Destination Clock: clk falling

  Data Path: tmp to tmp
                                Gate     Net
    Cell:in->out      fanout   Delay   Delay  Logical Name (Net Name)
    ----------------------------------------  ------------
     FDE_1:C->Q            2   0.525   0.725  tmp (tmp)
     INV:I->O              2   0.255   0.725  tmp_INV_4_o1_INV_0 (Inst_ContadorBCD/clk_inv)
     FDE_1:D                   0.074          tmp
    ----------------------------------------
    Total                      2.304ns (0.854ns logic, 1.450ns route)
                                       (37.1% logic, 62.9% route)

=========================================================================
Timing constraint: Default period analysis for Clock 'tmp'
  Clock period: 2.300ns (frequency: 434.783MHz)
  Total number of paths / destination ports: 4 / 4
-------------------------------------------------------------------------
Delay:               2.300ns (Levels of Logic = 1)
  Source:            Inst_ContadorBCD/conta_0 (FF)
  Destination:       Inst_ContadorBCD/conta_0 (FF)
  Source Clock:      tmp falling
  Destination Clock: tmp falling

  Data Path: Inst_ContadorBCD/conta_0 to Inst_ContadorBCD/conta_0
                                Gate     Net
    Cell:in->out      fanout   Delay   Delay  Logical Name (Net Name)
    ----------------------------------------  ------------
     FDR:C->Q              3   0.525   0.765  Inst_ContadorBCD/conta_0 (Inst_ContadorBCD/conta_0)
     INV:I->O              1   0.255   0.681  Inst_ContadorBCD/Mcount_conta_0_xor<0>11_INV_0 (Inst_ContadorBCD/Result)
     FDR:D                     0.074          Inst_ContadorBCD/conta_0
    ----------------------------------------
    Total                      2.300ns (0.854ns logic, 1.446ns route)
                                       (37.1% logic, 62.9% route)

=========================================================================
Timing constraint: Default period analysis for Clock 'Inst_ContadorBCD/Inst_jk1/tmpq'
  Clock period: 1.901ns (frequency: 526.039MHz)
  Total number of paths / destination ports: 6 / 3
-------------------------------------------------------------------------
Delay:               1.901ns (Levels of Logic = 1)
  Source:            Inst_ContadorBCD/Inst_ffjk/tmpq (FF)
  Destination:       Inst_ContadorBCD/Inst_ffjk/tmpq (FF)
  Source Clock:      Inst_ContadorBCD/Inst_jk1/tmpq falling
  Destination Clock: Inst_ContadorBCD/Inst_jk1/tmpq falling

  Data Path: Inst_ContadorBCD/Inst_ffjk/tmpq to Inst_ContadorBCD/Inst_ffjk/tmpq
                                Gate     Net
    Cell:in->out      fanout   Delay   Delay  Logical Name (Net Name)
    ----------------------------------------  ------------
     FD_1:C->Q             8   0.525   1.052  Inst_ContadorBCD/Inst_ffjk/tmpq (Inst_ContadorBCD/Inst_ffjk/tmpq)
     LUT3:I1->O            1   0.250   0.000  Inst_ContadorBCD/Inst_ffjk/tmpq_rstpot (Inst_ContadorBCD/Inst_ffjk/tmpq_rstpot)
     FD_1:D                    0.074          Inst_ContadorBCD/Inst_ffjk/tmpq
    ----------------------------------------
    Total                      1.901ns (0.849ns logic, 1.052ns route)
                                       (44.7% logic, 55.3% route)

=========================================================================
Timing constraint: Default period analysis for Clock 'Inst_ContadorBCD/tmp'
  Clock period: 2.573ns (frequency: 388.651MHz)
  Total number of paths / destination ports: 1 / 1
-------------------------------------------------------------------------
Delay:               2.573ns (Levels of Logic = 1)
  Source:            Inst_ContadorBCD/Inst_jk1/tmpq (FF)
  Destination:       Inst_ContadorBCD/Inst_jk1/tmpq (FF)
  Source Clock:      Inst_ContadorBCD/tmp falling
  Destination Clock: Inst_ContadorBCD/tmp falling

  Data Path: Inst_ContadorBCD/Inst_jk1/tmpq to Inst_ContadorBCD/Inst_jk1/tmpq
                                Gate     Net
    Cell:in->out      fanout   Delay   Delay  Logical Name (Net Name)
    ----------------------------------------  ------------
     FD_1:C->Q            11   0.525   1.038  Inst_ContadorBCD/Inst_jk1/tmpq (Inst_ContadorBCD/Inst_jk1/tmpq)
     INV:I->O              1   0.255   0.681  Inst_ContadorBCD/Inst_jk1/tmpq_INV_14_o1_INV_0 (Inst_ContadorBCD/Inst_jk1/tmpq_INV_14_o)
     FD_1:D                    0.074          Inst_ContadorBCD/Inst_jk1/tmpq
    ----------------------------------------
    Total                      2.573ns (0.854ns logic, 1.719ns route)
                                       (33.2% logic, 66.8% route)

=========================================================================
Timing constraint: Default period analysis for Clock 'Inst_ContadorBCD/Inst_jk2/tmpq'
  Clock period: 2.542ns (frequency: 393.391MHz)
  Total number of paths / destination ports: 1 / 1
-------------------------------------------------------------------------
Delay:               2.542ns (Levels of Logic = 1)
  Source:            Inst_ContadorBCD/Inst_jk3/tmpq (FF)
  Destination:       Inst_ContadorBCD/Inst_jk3/tmpq (FF)
  Source Clock:      Inst_ContadorBCD/Inst_jk2/tmpq falling
  Destination Clock: Inst_ContadorBCD/Inst_jk2/tmpq falling

  Data Path: Inst_ContadorBCD/Inst_jk3/tmpq to Inst_ContadorBCD/Inst_jk3/tmpq
                                Gate     Net
    Cell:in->out      fanout   Delay   Delay  Logical Name (Net Name)
    ----------------------------------------  ------------
     FD_1:C->Q            10   0.525   1.007  Inst_ContadorBCD/Inst_jk3/tmpq (Inst_ContadorBCD/Inst_jk3/tmpq)
     INV:I->O              1   0.255   0.681  Inst_ContadorBCD/Inst_jk3/tmpq_INV_14_o1_INV_0 (Inst_ContadorBCD/Inst_jk3/tmpq_INV_14_o)
     FD_1:D                    0.074          Inst_ContadorBCD/Inst_jk3/tmpq
    ----------------------------------------
    Total                      2.542ns (0.854ns logic, 1.688ns route)
                                       (33.6% logic, 66.4% route)

=========================================================================
Timing constraint: Default OFFSET OUT AFTER for Clock 'Inst_ContadorBCD/Inst_jk1/tmpq'
  Total number of paths / destination ports: 14 / 7
-------------------------------------------------------------------------
Offset:              5.687ns (Levels of Logic = 2)
  Source:            Inst_ContadorBCD/Inst_jk2/tmpq (FF)
  Destination:       salida<6> (PAD)
  Source Clock:      Inst_ContadorBCD/Inst_jk1/tmpq falling

  Data Path: Inst_ContadorBCD/Inst_jk2/tmpq to salida<6>
                                Gate     Net
    Cell:in->out      fanout   Delay   Delay  Logical Name (Net Name)
    ----------------------------------------  ------------
     FD_1:C->Q            11   0.525   1.315  Inst_ContadorBCD/Inst_jk2/tmpq (Inst_ContadorBCD/Inst_jk2/tmpq)
     LUT4:I0->O            1   0.254   0.681  Mram_salida61 (salida_6_OBUF)
     OBUF:I->O                 2.912          salida_6_OBUF (salida<6>)
    ----------------------------------------
    Total                      5.687ns (3.691ns logic, 1.996ns route)
                                       (64.9% logic, 35.1% route)

=========================================================================
Timing constraint: Default OFFSET OUT AFTER for Clock 'Inst_ContadorBCD/tmp'
  Total number of paths / destination ports: 7 / 7
-------------------------------------------------------------------------
Offset:              5.687ns (Levels of Logic = 2)
  Source:            Inst_ContadorBCD/Inst_jk1/tmpq (FF)
  Destination:       salida<4> (PAD)
  Source Clock:      Inst_ContadorBCD/tmp falling

  Data Path: Inst_ContadorBCD/Inst_jk1/tmpq to salida<4>
                                Gate     Net
    Cell:in->out      fanout   Delay   Delay  Logical Name (Net Name)
    ----------------------------------------  ------------
     FD_1:C->Q            11   0.525   1.315  Inst_ContadorBCD/Inst_jk1/tmpq (Inst_ContadorBCD/Inst_jk1/tmpq)
     LUT4:I0->O            1   0.254   0.681  Mram_salida21 (salida_2_OBUF)
     OBUF:I->O                 2.912          salida_2_OBUF (salida<2>)
    ----------------------------------------
    Total                      5.687ns (3.691ns logic, 1.996ns route)
                                       (64.9% logic, 35.1% route)

=========================================================================
Timing constraint: Default OFFSET OUT AFTER for Clock 'Inst_ContadorBCD/Inst_jk2/tmpq'
  Total number of paths / destination ports: 7 / 7
-------------------------------------------------------------------------
Offset:              5.589ns (Levels of Logic = 2)
  Source:            Inst_ContadorBCD/Inst_jk3/tmpq (FF)
  Destination:       salida<5> (PAD)
  Source Clock:      Inst_ContadorBCD/Inst_jk2/tmpq falling

  Data Path: Inst_ContadorBCD/Inst_jk3/tmpq to salida<5>
                                Gate     Net
    Cell:in->out      fanout   Delay   Delay  Logical Name (Net Name)
    ----------------------------------------  ------------
     FD_1:C->Q            10   0.525   1.236  Inst_ContadorBCD/Inst_jk3/tmpq (Inst_ContadorBCD/Inst_jk3/tmpq)
     LUT4:I1->O            1   0.235   0.681  salida<5>1 (salida_5_OBUF)
     OBUF:I->O                 2.912          salida_5_OBUF (salida<5>)
    ----------------------------------------
    Total                      5.589ns (3.672ns logic, 1.917ns route)
                                       (65.7% logic, 34.3% route)

=========================================================================

Cross Clock Domains Report:
--------------------------

Clock to Setup on destination clock Inst_ContadorBCD/Inst_jk1/tmpq
------------------------------+---------+---------+---------+---------+
                              | Src:Rise| Src:Fall| Src:Rise| Src:Fall|
Source Clock                  |Dest:Rise|Dest:Rise|Dest:Fall|Dest:Fall|
------------------------------+---------+---------+---------+---------+
Inst_ContadorBCD/Inst_jk1/tmpq|         |         |    1.901|         |
Inst_ContadorBCD/Inst_jk2/tmpq|         |         |    2.070|         |
------------------------------+---------+---------+---------+---------+

Clock to Setup on destination clock Inst_ContadorBCD/Inst_jk2/tmpq
------------------------------+---------+---------+---------+---------+
                              | Src:Rise| Src:Fall| Src:Rise| Src:Fall|
Source Clock                  |Dest:Rise|Dest:Rise|Dest:Fall|Dest:Fall|
------------------------------+---------+---------+---------+---------+
Inst_ContadorBCD/Inst_jk2/tmpq|         |         |    2.542|         |
------------------------------+---------+---------+---------+---------+

Clock to Setup on destination clock Inst_ContadorBCD/tmp
--------------------+---------+---------+---------+---------+
                    | Src:Rise| Src:Fall| Src:Rise| Src:Fall|
Source Clock        |Dest:Rise|Dest:Rise|Dest:Fall|Dest:Fall|
--------------------+---------+---------+---------+---------+
Inst_ContadorBCD/tmp|         |         |    2.573|         |
--------------------+---------+---------+---------+---------+

Clock to Setup on destination clock clk
---------------+---------+---------+---------+---------+
               | Src:Rise| Src:Fall| Src:Rise| Src:Fall|
Source Clock   |Dest:Rise|Dest:Rise|Dest:Fall|Dest:Fall|
---------------+---------+---------+---------+---------+
clk            |         |         |    2.304|         |
---------------+---------+---------+---------+---------+

Clock to Setup on destination clock tmp
---------------+---------+---------+---------+---------+
               | Src:Rise| Src:Fall| Src:Rise| Src:Fall|
Source Clock   |Dest:Rise|Dest:Rise|Dest:Fall|Dest:Fall|
---------------+---------+---------+---------+---------+
tmp            |         |         |    2.300|         |
---------------+---------+---------+---------+---------+

=========================================================================


Total REAL time to Xst completion: 35.00 secs
Total CPU time to Xst completion: 34.87 secs
 
--> 

Total memory usage is 249828 kilobytes

Number of errors   :    0 (   0 filtered)
Number of warnings :    0 (   0 filtered)
Number of infos    :    2 (   0 filtered)

