Release 14.5 - xst P.58f (nt64)
Copyright (c) 1995-2012 Xilinx, Inc.  All rights reserved.
--> Parameter TMPDIR set to xst/projnav.tmp


Total REAL time to Xst completion: 0.00 secs
Total CPU time to Xst completion: 0.33 secs
 
--> Parameter xsthdpdir set to xst


Total REAL time to Xst completion: 0.00 secs
Total CPU time to Xst completion: 0.34 secs
 
--> Reading design: chapa.prj

TABLE OF CONTENTS
  1) Synthesis Options Summary
  2) HDL Parsing
  3) HDL Elaboration
  4) HDL Synthesis
       4.1) HDL Synthesis Report
  5) Advanced HDL Synthesis
       5.1) Advanced HDL Synthesis Report
  6) Low Level Synthesis
  7) Partition Report
  8) Design Summary
       8.1) Primitive and Black Box Usage
       8.2) Device utilization summary
       8.3) Partition Resource Summary
       8.4) Timing Report
            8.4.1) Clock Information
            8.4.2) Asynchronous Control Signals Information
            8.4.3) Timing Summary
            8.4.4) Timing Details
            8.4.5) Cross Clock Domains Report


=========================================================================
*                      Synthesis Options Summary                        *
=========================================================================
---- Source Parameters
Input File Name                    : "chapa.prj"
Ignore Synthesis Constraint File   : NO

---- Target Parameters
Output File Name                   : "chapa"
Output Format                      : NGC
Target Device                      : xc6slx16-2-ftg256

---- Source Options
Top Module Name                    : chapa
Automatic FSM Extraction           : YES
FSM Encoding Algorithm             : Auto
Safe Implementation                : No
FSM Style                          : LUT
RAM Extraction                     : Yes
RAM Style                          : Auto
ROM Extraction                     : Yes
Shift Register Extraction          : YES
ROM Style                          : Auto
Resource Sharing                   : YES
Asynchronous To Synchronous        : NO
Shift Register Minimum Size        : 2
Use DSP Block                      : Auto
Automatic Register Balancing       : No

---- Target Options
LUT Combining                      : Auto
Reduce Control Sets                : Auto
Add IO Buffers                     : YES
Global Maximum Fanout              : 100000
Add Generic Clock Buffer(BUFG)     : 16
Register Duplication               : YES
Optimize Instantiated Primitives   : NO
Use Clock Enable                   : Auto
Use Synchronous Set                : Auto
Use Synchronous Reset              : Auto
Pack IO Registers into IOBs        : Auto
Equivalent register Removal        : YES

---- General Options
Optimization Goal                  : Speed
Optimization Effort                : 1
Power Reduction                    : NO
Keep Hierarchy                     : No
Netlist Hierarchy                  : As_Optimized
RTL Output                         : Yes
Global Optimization                : AllClockNets
Read Cores                         : YES
Write Timing Constraints           : NO
Cross Clock Analysis               : NO
Hierarchy Separator                : /
Bus Delimiter                      : <>
Case Specifier                     : Maintain
Slice Utilization Ratio            : 100
BRAM Utilization Ratio             : 100
DSP48 Utilization Ratio            : 100
Auto BRAM Packing                  : NO
Slice Utilization Ratio Delta      : 5

=========================================================================


=========================================================================
*                          HDL Parsing                                  *
=========================================================================
Parsing VHDL file "E:\Logica Secuencial\2do Parcial\Practica17_Chapa\chapa\chapa.vhd" into library work
Parsing entity <chapa>.
Parsing architecture <Behavioral> of entity <chapa>.

=========================================================================
*                            HDL Elaboration                            *
=========================================================================

Elaborating entity <chapa> (architecture <Behavioral>) from library <work>.

=========================================================================
*                           HDL Synthesis                               *
=========================================================================

Synthesizing Unit <chapa>.
    Related source file is "E:\Logica Secuencial\2do Parcial\Practica17_Chapa\chapa\chapa.vhd".
    Found 4-bit register for signal <edo_p>.
    Found 2-bit register for signal <salida>.
    Found 26-bit register for signal <conta>.
    Found finite state machine <FSM_0> for signal <edo_p>.
    -----------------------------------------------------------------------
    | States             | 11                                             |
    | Transitions        | 37                                             |
    | Inputs             | 7                                              |
    | Outputs            | 2                                              |
    | Clock              | clk (falling_edge)                             |
    | Power Up State     | e0                                             |
    | Encoding           | auto                                           |
    | Implementation     | LUT                                            |
    -----------------------------------------------------------------------
    Found 26-bit adder for signal <conta[25]_GND_5_o_add_31_OUT> created at line 108.
    Summary:
	inferred   1 Adder/Subtractor(s).
	inferred  28 D-type flip-flop(s).
	inferred   1 Finite State Machine(s).
Unit <chapa> synthesized.

=========================================================================
HDL Synthesis Report

Macro Statistics
# Adders/Subtractors                                   : 1
 26-bit adder                                          : 1
# Registers                                            : 2
 2-bit register                                        : 1
 26-bit register                                       : 1
# FSMs                                                 : 1

=========================================================================

=========================================================================
*                       Advanced HDL Synthesis                          *
=========================================================================


Synthesizing (advanced) Unit <chapa>.
The following registers are absorbed into counter <conta>: 1 register on signal <conta>.
Unit <chapa> synthesized (advanced).

=========================================================================
Advanced HDL Synthesis Report

Macro Statistics
# Counters                                             : 1
 26-bit up counter                                     : 1
# Registers                                            : 2
 Flip-Flops                                            : 2
# FSMs                                                 : 1

=========================================================================

=========================================================================
*                         Low Level Synthesis                           *
=========================================================================
Analyzing FSM <MFsm> for best encoding.
Optimizing FSM <FSM_0> on signal <edo_p[1:4]> with gray encoding.
-------------------
 State | Encoding
-------------------
 e0    | 0000
 e1    | 0011
 e2    | 0110
 e3    | 0101
 e4    | 0010
 e5    | 0111
 e6    | 0001
 e7    | 0100
 e8    | 1100
 e9    | 1101
 e10   | 1111
-------------------

Optimizing unit <chapa> ...

Mapping all equations...
Building and optimizing final netlist ...
Found area constraint ratio of 100 (+ 5) on block chapa, actual ratio is 0.

Final Macro Processing ...

=========================================================================
Final Register Report

Macro Statistics
# Registers                                            : 32
 Flip-Flops                                            : 32

=========================================================================

=========================================================================
*                           Partition Report                            *
=========================================================================

Partition Implementation Status
-------------------------------

  No Partitions were found in this design.

-------------------------------

=========================================================================
*                            Design Summary                             *
=========================================================================

Top Level Output File Name         : chapa.ngc

Primitive and Black Box Usage:
------------------------------
# BELS                             : 131
#      GND                         : 1
#      INV                         : 2
#      LUT1                        : 25
#      LUT2                        : 26
#      LUT3                        : 2
#      LUT4                        : 3
#      LUT5                        : 6
#      LUT6                        : 13
#      MUXCY                       : 25
#      MUXF7                       : 1
#      VCC                         : 1
#      XORCY                       : 26
# FlipFlops/Latches                : 32
#      FD                          : 26
#      FD_1                        : 6
# Clock Buffers                    : 1
#      BUFGP                       : 1
# IO Buffers                       : 5
#      IBUF                        : 3
#      OBUF                        : 2

Device utilization summary:
---------------------------

Selected Device : 6slx16ftg256-2 


Slice Logic Utilization: 
 Number of Slice Registers:              32  out of  18224     0%  
 Number of Slice LUTs:                   77  out of   9112     0%  
    Number used as Logic:                77  out of   9112     0%  

Slice Logic Distribution: 
 Number of LUT Flip Flop pairs used:     77
   Number with an unused Flip Flop:      45  out of     77    58%  
   Number with an unused LUT:             0  out of     77     0%  
   Number of fully used LUT-FF pairs:    32  out of     77    41%  
   Number of unique control sets:         2

IO Utilization: 
 Number of IOs:                           6
 Number of bonded IOBs:                   6  out of    186     3%  

Specific Feature Utilization:
 Number of BUFG/BUFGCTRL/BUFHCEs:         1  out of     16     6%  

---------------------------
Partition Resource Summary:
---------------------------

  No Partitions were found in this design.

---------------------------


=========================================================================
Timing Report

NOTE: THESE TIMING NUMBERS ARE ONLY A SYNTHESIS ESTIMATE.
      FOR ACCURATE TIMING INFORMATION PLEASE REFER TO THE TRACE REPORT
      GENERATED AFTER PLACE-and-ROUTE.

Clock Information:
------------------
-----------------------------------+------------------------+-------+
Clock Signal                       | Clock buffer(FF name)  | Load  |
-----------------------------------+------------------------+-------+
clk                                | BUFGP                  | 32    |
-----------------------------------+------------------------+-------+

Asynchronous Control Signals Information:
----------------------------------------
No asynchronous control signals found in this design

Timing Summary:
---------------
Speed Grade: -2

   Minimum period: 4.739ns (Maximum Frequency: 211.015MHz)
   Minimum input arrival time before clock: 5.400ns
   Maximum output required time after clock: 4.118ns
   Maximum combinational path delay: No path found

Timing Details:
---------------
All values displayed in nanoseconds (ns)

=========================================================================
Timing constraint: Default period analysis for Clock 'clk'
  Clock period: 4.739ns (frequency: 211.015MHz)
  Total number of paths / destination ports: 1178 / 32
-------------------------------------------------------------------------
Delay:               4.739ns (Levels of Logic = 3)
  Source:            conta_8 (FF)
  Destination:       edo_p_FSM_FFd4 (FF)
  Source Clock:      clk falling
  Destination Clock: clk falling

  Data Path: conta_8 to edo_p_FSM_FFd4
                                Gate     Net
    Cell:in->out      fanout   Delay   Delay  Logical Name (Net Name)
    ----------------------------------------  ------------
     FD:C->Q               2   0.525   1.181  conta_8 (conta_8)
     LUT6:I0->O            3   0.254   1.042  PWR_5_o_conta[25]_equal_31_o<25>4 (PWR_5_o_conta[25]_equal_31_o<25>3)
     LUT6:I2->O           15   0.254   1.155  PWR_5_o_conta[25]_equal_31_o<25>5 (PWR_5_o_conta[25]_equal_31_o)
     LUT2:I1->O            1   0.254   0.000  conta_0_rstpot (conta_0_rstpot)
     FD:D                      0.074          conta_0
    ----------------------------------------
    Total                      4.739ns (1.361ns logic, 3.378ns route)
                                       (28.7% logic, 71.3% route)

=========================================================================
Timing constraint: Default OFFSET IN BEFORE for Clock 'clk'
  Total number of paths / destination ports: 36 / 4
-------------------------------------------------------------------------
Offset:              5.400ns (Levels of Logic = 4)
  Source:            entrada<2> (PAD)
  Destination:       edo_p_FSM_FFd2 (FF)
  Destination Clock: clk falling

  Data Path: entrada<2> to edo_p_FSM_FFd2
                                Gate     Net
    Cell:in->out      fanout   Delay   Delay  Logical Name (Net Name)
    ----------------------------------------  ------------
     IBUF:I->O             6   1.328   1.104  entrada_2_IBUF (entrada_2_IBUF)
     LUT3:I0->O            7   0.235   1.018  edo_p_FSM_FFd4-In11 (edo_p_FSM_FFd4-In1)
     LUT5:I3->O            1   0.250   1.137  PWR_5_o_conta[25]_equal_31_o<25>5_SW0 (N01)
     LUT6:I0->O            1   0.254   0.000  edo_p_FSM_FFd2-In1 (edo_p_FSM_FFd2-In)
     FD_1:D                    0.074          edo_p_FSM_FFd2
    ----------------------------------------
    Total                      5.400ns (2.141ns logic, 3.259ns route)
                                       (39.6% logic, 60.4% route)

=========================================================================
Timing constraint: Default OFFSET OUT AFTER for Clock 'clk'
  Total number of paths / destination ports: 2 / 2
-------------------------------------------------------------------------
Offset:              4.118ns (Levels of Logic = 1)
  Source:            tmpsal_1 (FF)
  Destination:       salida<1> (PAD)
  Source Clock:      clk falling

  Data Path: tmpsal_1 to salida<1>
                                Gate     Net
    Cell:in->out      fanout   Delay   Delay  Logical Name (Net Name)
    ----------------------------------------  ------------
     FD_1:C->Q             1   0.525   0.681  tmpsal_1 (tmpsal_1)
     OBUF:I->O                 2.912          salida_1_OBUF (salida<1>)
    ----------------------------------------
    Total                      4.118ns (3.437ns logic, 0.681ns route)
                                       (83.5% logic, 16.5% route)

=========================================================================

Cross Clock Domains Report:
--------------------------

Clock to Setup on destination clock clk
---------------+---------+---------+---------+---------+
               | Src:Rise| Src:Fall| Src:Rise| Src:Fall|
Source Clock   |Dest:Rise|Dest:Rise|Dest:Fall|Dest:Fall|
---------------+---------+---------+---------+---------+
clk            |         |         |    4.739|         |
---------------+---------+---------+---------+---------+

=========================================================================


Total REAL time to Xst completion: 21.00 secs
Total CPU time to Xst completion: 21.29 secs
 
--> 

Total memory usage is 218452 kilobytes

Number of errors   :    0 (   0 filtered)
Number of warnings :    0 (   0 filtered)
Number of infos    :    0 (   0 filtered)

