ARM GAS  C:\Users\Castro\AppData\Local\Temp\cceIQIlQ.s 			page 1


   1              		.syntax unified
   2              		.cpu cortex-m0
   3              		.fpu softvfp
   4              		.eabi_attribute 20, 1
   5              		.eabi_attribute 21, 1
   6              		.eabi_attribute 23, 3
   7              		.eabi_attribute 24, 1
   8              		.eabi_attribute 25, 1
   9              		.eabi_attribute 26, 1
  10              		.eabi_attribute 30, 1
  11              		.eabi_attribute 34, 0
  12              		.eabi_attribute 18, 4
  13              		.thumb
  14              		.syntax unified
  15              		.file	"Pin_5.c"
  16              		.text
  17              	.Ltext0:
  18              		.cfi_sections	.debug_frame
  19              		.section	.text.Pin_5_SetDriveMode,"ax",%progbits
  20              		.align	2
  21              		.global	Pin_5_SetDriveMode
  22              		.code	16
  23              		.thumb_func
  24              		.type	Pin_5_SetDriveMode, %function
  25              	Pin_5_SetDriveMode:
  26              	.LFB0:
  27              		.file 1 "Generated_Source\\PSoC4\\Pin_5.c"
   1:Generated_Source\PSoC4/Pin_5.c **** /*******************************************************************************
   2:Generated_Source\PSoC4/Pin_5.c **** * File Name: Pin_5.c  
   3:Generated_Source\PSoC4/Pin_5.c **** * Version 2.20
   4:Generated_Source\PSoC4/Pin_5.c **** *
   5:Generated_Source\PSoC4/Pin_5.c **** * Description:
   6:Generated_Source\PSoC4/Pin_5.c **** *  This file contains API to enable firmware control of a Pins component.
   7:Generated_Source\PSoC4/Pin_5.c **** *
   8:Generated_Source\PSoC4/Pin_5.c **** ********************************************************************************
   9:Generated_Source\PSoC4/Pin_5.c **** * Copyright 2008-2015, Cypress Semiconductor Corporation.  All rights reserved.
  10:Generated_Source\PSoC4/Pin_5.c **** * You may use this file only in accordance with the license, terms, conditions, 
  11:Generated_Source\PSoC4/Pin_5.c **** * disclaimers, and limitations in the end user license agreement accompanying 
  12:Generated_Source\PSoC4/Pin_5.c **** * the software package with which this file was provided.
  13:Generated_Source\PSoC4/Pin_5.c **** *******************************************************************************/
  14:Generated_Source\PSoC4/Pin_5.c **** 
  15:Generated_Source\PSoC4/Pin_5.c **** #include "cytypes.h"
  16:Generated_Source\PSoC4/Pin_5.c **** #include "Pin_5.h"
  17:Generated_Source\PSoC4/Pin_5.c **** 
  18:Generated_Source\PSoC4/Pin_5.c **** 
  19:Generated_Source\PSoC4/Pin_5.c **** #if defined(Pin_5__PC)
  20:Generated_Source\PSoC4/Pin_5.c ****     #define Pin_5_SetP4PinDriveMode(shift, mode)  \
  21:Generated_Source\PSoC4/Pin_5.c ****     do { \
  22:Generated_Source\PSoC4/Pin_5.c ****         Pin_5_PC =   (Pin_5_PC & \
  23:Generated_Source\PSoC4/Pin_5.c ****                                 (uint32)(~(uint32)(Pin_5_DRIVE_MODE_IND_MASK << \
  24:Generated_Source\PSoC4/Pin_5.c ****                                 (Pin_5_DRIVE_MODE_BITS * (shift))))) | \
  25:Generated_Source\PSoC4/Pin_5.c ****                                 (uint32)((uint32)(mode) << \
  26:Generated_Source\PSoC4/Pin_5.c ****                                 (Pin_5_DRIVE_MODE_BITS * (shift))); \
  27:Generated_Source\PSoC4/Pin_5.c ****     } while (0)
  28:Generated_Source\PSoC4/Pin_5.c **** #else
  29:Generated_Source\PSoC4/Pin_5.c ****     #if (CY_PSOC4_4200L)
  30:Generated_Source\PSoC4/Pin_5.c ****         #define Pin_5_SetP4PinDriveMode(shift, mode)  \
ARM GAS  C:\Users\Castro\AppData\Local\Temp\cceIQIlQ.s 			page 2


  31:Generated_Source\PSoC4/Pin_5.c ****         do { \
  32:Generated_Source\PSoC4/Pin_5.c ****             Pin_5_USBIO_CTRL_REG = (Pin_5_USBIO_CTRL_REG & \
  33:Generated_Source\PSoC4/Pin_5.c ****                                     (uint32)(~(uint32)(Pin_5_DRIVE_MODE_IND_MASK << \
  34:Generated_Source\PSoC4/Pin_5.c ****                                     (Pin_5_DRIVE_MODE_BITS * (shift))))) | \
  35:Generated_Source\PSoC4/Pin_5.c ****                                     (uint32)((uint32)(mode) << \
  36:Generated_Source\PSoC4/Pin_5.c ****                                     (Pin_5_DRIVE_MODE_BITS * (shift))); \
  37:Generated_Source\PSoC4/Pin_5.c ****         } while (0)
  38:Generated_Source\PSoC4/Pin_5.c ****     #endif
  39:Generated_Source\PSoC4/Pin_5.c **** #endif
  40:Generated_Source\PSoC4/Pin_5.c ****   
  41:Generated_Source\PSoC4/Pin_5.c **** 
  42:Generated_Source\PSoC4/Pin_5.c **** #if defined(Pin_5__PC) || (CY_PSOC4_4200L) 
  43:Generated_Source\PSoC4/Pin_5.c ****     /*******************************************************************************
  44:Generated_Source\PSoC4/Pin_5.c ****     * Function Name: Pin_5_SetDriveMode
  45:Generated_Source\PSoC4/Pin_5.c ****     ****************************************************************************//**
  46:Generated_Source\PSoC4/Pin_5.c ****     *
  47:Generated_Source\PSoC4/Pin_5.c ****     * \brief Sets the drive mode for each of the Pins component's pins.
  48:Generated_Source\PSoC4/Pin_5.c ****     * 
  49:Generated_Source\PSoC4/Pin_5.c ****     * <b>Note</b> This affects all pins in the Pins component instance. Use the
  50:Generated_Source\PSoC4/Pin_5.c ****     * Per-Pin APIs if you wish to control individual pin's drive modes.
  51:Generated_Source\PSoC4/Pin_5.c ****     *
  52:Generated_Source\PSoC4/Pin_5.c ****     * <b>Note</b> USBIOs have limited drive functionality. Refer to the Drive Mode
  53:Generated_Source\PSoC4/Pin_5.c ****     * parameter for more information.
  54:Generated_Source\PSoC4/Pin_5.c ****     *
  55:Generated_Source\PSoC4/Pin_5.c ****     * \param mode
  56:Generated_Source\PSoC4/Pin_5.c ****     *  Mode for the selected signals. Valid options are documented in 
  57:Generated_Source\PSoC4/Pin_5.c ****     *  \ref driveMode.
  58:Generated_Source\PSoC4/Pin_5.c ****     *
  59:Generated_Source\PSoC4/Pin_5.c ****     * \return
  60:Generated_Source\PSoC4/Pin_5.c ****     *  None
  61:Generated_Source\PSoC4/Pin_5.c ****     *
  62:Generated_Source\PSoC4/Pin_5.c ****     * \sideeffect
  63:Generated_Source\PSoC4/Pin_5.c ****     *  If you use read-modify-write operations that are not atomic, the ISR can
  64:Generated_Source\PSoC4/Pin_5.c ****     *  cause corruption of this function. An ISR that interrupts this function 
  65:Generated_Source\PSoC4/Pin_5.c ****     *  and performs writes to the Pins component Drive Mode registers can cause 
  66:Generated_Source\PSoC4/Pin_5.c ****     *  corrupted port data. To avoid this issue, you should either use the Per-Pin
  67:Generated_Source\PSoC4/Pin_5.c ****     *  APIs (primary method) or disable interrupts around this function.
  68:Generated_Source\PSoC4/Pin_5.c ****     *
  69:Generated_Source\PSoC4/Pin_5.c ****     * \funcusage
  70:Generated_Source\PSoC4/Pin_5.c ****     *  \snippet Pin_5_SUT.c usage_Pin_5_SetDriveMode
  71:Generated_Source\PSoC4/Pin_5.c ****     *******************************************************************************/
  72:Generated_Source\PSoC4/Pin_5.c ****     void Pin_5_SetDriveMode(uint8 mode)
  73:Generated_Source\PSoC4/Pin_5.c ****     {
  28              		.loc 1 73 0
  29              		.cfi_startproc
  30              		@ args = 0, pretend = 0, frame = 0
  31              		@ frame_needed = 0, uses_anonymous_args = 0
  32              		@ link register save eliminated.
  33              	.LVL0:
  74:Generated_Source\PSoC4/Pin_5.c **** 		Pin_5_SetP4PinDriveMode(Pin_5__0__SHIFT, mode);
  34              		.loc 1 74 0
  35 0000 124B     		ldr	r3, .L2
  36 0002 1A68     		ldr	r2, [r3]
  37 0004 0721     		movs	r1, #7
  38 0006 8A43     		bics	r2, r1
  39 0008 0243     		orrs	r2, r0
  40 000a 1A60     		str	r2, [r3]
ARM GAS  C:\Users\Castro\AppData\Local\Temp\cceIQIlQ.s 			page 3


  75:Generated_Source\PSoC4/Pin_5.c **** 		Pin_5_SetP4PinDriveMode(Pin_5__1__SHIFT, mode);
  41              		.loc 1 75 0
  42 000c 1A68     		ldr	r2, [r3]
  43 000e 3131     		adds	r1, r1, #49
  44 0010 8A43     		bics	r2, r1
  45 0012 C100     		lsls	r1, r0, #3
  46 0014 0A43     		orrs	r2, r1
  47 0016 1A60     		str	r2, [r3]
  76:Generated_Source\PSoC4/Pin_5.c **** 		Pin_5_SetP4PinDriveMode(Pin_5__2__SHIFT, mode);
  48              		.loc 1 76 0
  49 0018 1968     		ldr	r1, [r3]
  50 001a 0D4A     		ldr	r2, .L2+4
  51 001c 0A40     		ands	r2, r1
  52 001e 8101     		lsls	r1, r0, #6
  53 0020 0A43     		orrs	r2, r1
  54 0022 1A60     		str	r2, [r3]
  77:Generated_Source\PSoC4/Pin_5.c **** 		Pin_5_SetP4PinDriveMode(Pin_5__3__SHIFT, mode);
  55              		.loc 1 77 0
  56 0024 1968     		ldr	r1, [r3]
  57 0026 0B4A     		ldr	r2, .L2+8
  58 0028 0A40     		ands	r2, r1
  59 002a 4102     		lsls	r1, r0, #9
  60 002c 0A43     		orrs	r2, r1
  61 002e 1A60     		str	r2, [r3]
  78:Generated_Source\PSoC4/Pin_5.c **** 		Pin_5_SetP4PinDriveMode(Pin_5__4__SHIFT, mode);
  62              		.loc 1 78 0
  63 0030 1968     		ldr	r1, [r3]
  64 0032 094A     		ldr	r2, .L2+12
  65 0034 0A40     		ands	r2, r1
  66 0036 0103     		lsls	r1, r0, #12
  67 0038 0A43     		orrs	r2, r1
  68 003a 1A60     		str	r2, [r3]
  79:Generated_Source\PSoC4/Pin_5.c **** 		Pin_5_SetP4PinDriveMode(Pin_5__5__SHIFT, mode);
  69              		.loc 1 79 0
  70 003c 1968     		ldr	r1, [r3]
  71 003e 074A     		ldr	r2, .L2+16
  72 0040 0A40     		ands	r2, r1
  73 0042 C003     		lsls	r0, r0, #15
  74              	.LVL1:
  75 0044 1043     		orrs	r0, r2
  76 0046 1860     		str	r0, [r3]
  80:Generated_Source\PSoC4/Pin_5.c ****     }
  77              		.loc 1 80 0
  78              		@ sp needed
  79 0048 7047     		bx	lr
  80              	.L3:
  81 004a C046     		.align	2
  82              	.L2:
  83 004c 08000440 		.word	1074003976
  84 0050 3FFEFFFF 		.word	-449
  85 0054 FFF1FFFF 		.word	-3585
  86 0058 FF8FFFFF 		.word	-28673
  87 005c FF7FFCFF 		.word	-229377
  88              		.cfi_endproc
  89              	.LFE0:
  90              		.size	Pin_5_SetDriveMode, .-Pin_5_SetDriveMode
  91              		.section	.text.Pin_5_Write,"ax",%progbits
ARM GAS  C:\Users\Castro\AppData\Local\Temp\cceIQIlQ.s 			page 4


  92              		.align	2
  93              		.global	Pin_5_Write
  94              		.code	16
  95              		.thumb_func
  96              		.type	Pin_5_Write, %function
  97              	Pin_5_Write:
  98              	.LFB1:
  81:Generated_Source\PSoC4/Pin_5.c **** #endif
  82:Generated_Source\PSoC4/Pin_5.c **** 
  83:Generated_Source\PSoC4/Pin_5.c **** 
  84:Generated_Source\PSoC4/Pin_5.c **** /*******************************************************************************
  85:Generated_Source\PSoC4/Pin_5.c **** * Function Name: Pin_5_Write
  86:Generated_Source\PSoC4/Pin_5.c **** ****************************************************************************//**
  87:Generated_Source\PSoC4/Pin_5.c **** *
  88:Generated_Source\PSoC4/Pin_5.c **** * \brief Writes the value to the physical port (data output register), masking
  89:Generated_Source\PSoC4/Pin_5.c **** *  and shifting the bits appropriately. 
  90:Generated_Source\PSoC4/Pin_5.c **** *
  91:Generated_Source\PSoC4/Pin_5.c **** * The data output register controls the signal applied to the physical pin in 
  92:Generated_Source\PSoC4/Pin_5.c **** * conjunction with the drive mode parameter. This function avoids changing 
  93:Generated_Source\PSoC4/Pin_5.c **** * other bits in the port by using the appropriate method (read-modify-write or
  94:Generated_Source\PSoC4/Pin_5.c **** * bit banding).
  95:Generated_Source\PSoC4/Pin_5.c **** *
  96:Generated_Source\PSoC4/Pin_5.c **** * <b>Note</b> This function should not be used on a hardware digital output pin 
  97:Generated_Source\PSoC4/Pin_5.c **** * as it is driven by the hardware signal attached to it.
  98:Generated_Source\PSoC4/Pin_5.c **** *
  99:Generated_Source\PSoC4/Pin_5.c **** * \param value
 100:Generated_Source\PSoC4/Pin_5.c **** *  Value to write to the component instance.
 101:Generated_Source\PSoC4/Pin_5.c **** *
 102:Generated_Source\PSoC4/Pin_5.c **** * \return 
 103:Generated_Source\PSoC4/Pin_5.c **** *  None 
 104:Generated_Source\PSoC4/Pin_5.c **** *
 105:Generated_Source\PSoC4/Pin_5.c **** * \sideeffect
 106:Generated_Source\PSoC4/Pin_5.c **** *  If you use read-modify-write operations that are not atomic; the Interrupt 
 107:Generated_Source\PSoC4/Pin_5.c **** *  Service Routines (ISR) can cause corruption of this function. An ISR that 
 108:Generated_Source\PSoC4/Pin_5.c **** *  interrupts this function and performs writes to the Pins component data 
 109:Generated_Source\PSoC4/Pin_5.c **** *  register can cause corrupted port data. To avoid this issue, you should 
 110:Generated_Source\PSoC4/Pin_5.c **** *  either use the Per-Pin APIs (primary method) or disable interrupts around 
 111:Generated_Source\PSoC4/Pin_5.c **** *  this function.
 112:Generated_Source\PSoC4/Pin_5.c **** *
 113:Generated_Source\PSoC4/Pin_5.c **** * \funcusage
 114:Generated_Source\PSoC4/Pin_5.c **** *  \snippet Pin_5_SUT.c usage_Pin_5_Write
 115:Generated_Source\PSoC4/Pin_5.c **** *******************************************************************************/
 116:Generated_Source\PSoC4/Pin_5.c **** void Pin_5_Write(uint8 value)
 117:Generated_Source\PSoC4/Pin_5.c **** {
  99              		.loc 1 117 0
 100              		.cfi_startproc
 101              		@ args = 0, pretend = 0, frame = 0
 102              		@ frame_needed = 0, uses_anonymous_args = 0
 103              		@ link register save eliminated.
 104              	.LVL2:
 118:Generated_Source\PSoC4/Pin_5.c ****     uint8 drVal = (uint8)(Pin_5_DR & (uint8)(~Pin_5_MASK));
 105              		.loc 1 118 0
 106 0000 044A     		ldr	r2, .L5
 107 0002 1368     		ldr	r3, [r2]
 108 0004 DBB2     		uxtb	r3, r3
 109 0006 3F21     		movs	r1, #63
 110 0008 8B43     		bics	r3, r1
ARM GAS  C:\Users\Castro\AppData\Local\Temp\cceIQIlQ.s 			page 5


 111              	.LVL3:
 119:Generated_Source\PSoC4/Pin_5.c ****     drVal = (drVal | ((uint8)(value << Pin_5_SHIFT) & Pin_5_MASK));
 112              		.loc 1 119 0
 113 000a 0840     		ands	r0, r1
 114              	.LVL4:
 115 000c 1843     		orrs	r0, r3
 116              	.LVL5:
 120:Generated_Source\PSoC4/Pin_5.c ****     Pin_5_DR = (uint32)drVal;
 117              		.loc 1 120 0
 118 000e 1060     		str	r0, [r2]
 121:Generated_Source\PSoC4/Pin_5.c **** }
 119              		.loc 1 121 0
 120              		@ sp needed
 121 0010 7047     		bx	lr
 122              	.L6:
 123 0012 C046     		.align	2
 124              	.L5:
 125 0014 00000440 		.word	1074003968
 126              		.cfi_endproc
 127              	.LFE1:
 128              		.size	Pin_5_Write, .-Pin_5_Write
 129              		.section	.text.Pin_5_Read,"ax",%progbits
 130              		.align	2
 131              		.global	Pin_5_Read
 132              		.code	16
 133              		.thumb_func
 134              		.type	Pin_5_Read, %function
 135              	Pin_5_Read:
 136              	.LFB2:
 122:Generated_Source\PSoC4/Pin_5.c **** 
 123:Generated_Source\PSoC4/Pin_5.c **** 
 124:Generated_Source\PSoC4/Pin_5.c **** /*******************************************************************************
 125:Generated_Source\PSoC4/Pin_5.c **** * Function Name: Pin_5_Read
 126:Generated_Source\PSoC4/Pin_5.c **** ****************************************************************************//**
 127:Generated_Source\PSoC4/Pin_5.c **** *
 128:Generated_Source\PSoC4/Pin_5.c **** * \brief Reads the associated physical port (pin status register) and masks 
 129:Generated_Source\PSoC4/Pin_5.c **** *  the required bits according to the width and bit position of the component
 130:Generated_Source\PSoC4/Pin_5.c **** *  instance. 
 131:Generated_Source\PSoC4/Pin_5.c **** *
 132:Generated_Source\PSoC4/Pin_5.c **** * The pin's status register returns the current logic level present on the 
 133:Generated_Source\PSoC4/Pin_5.c **** * physical pin.
 134:Generated_Source\PSoC4/Pin_5.c **** *
 135:Generated_Source\PSoC4/Pin_5.c **** * \return 
 136:Generated_Source\PSoC4/Pin_5.c **** *  The current value for the pins in the component as a right justified number.
 137:Generated_Source\PSoC4/Pin_5.c **** *
 138:Generated_Source\PSoC4/Pin_5.c **** * \funcusage
 139:Generated_Source\PSoC4/Pin_5.c **** *  \snippet Pin_5_SUT.c usage_Pin_5_Read  
 140:Generated_Source\PSoC4/Pin_5.c **** *******************************************************************************/
 141:Generated_Source\PSoC4/Pin_5.c **** uint8 Pin_5_Read(void)
 142:Generated_Source\PSoC4/Pin_5.c **** {
 137              		.loc 1 142 0
 138              		.cfi_startproc
 139              		@ args = 0, pretend = 0, frame = 0
 140              		@ frame_needed = 0, uses_anonymous_args = 0
 141              		@ link register save eliminated.
 143:Generated_Source\PSoC4/Pin_5.c ****     return (uint8)((Pin_5_PS & Pin_5_MASK) >> Pin_5_SHIFT);
 142              		.loc 1 143 0
ARM GAS  C:\Users\Castro\AppData\Local\Temp\cceIQIlQ.s 			page 6


 143 0000 024B     		ldr	r3, .L8
 144 0002 1B68     		ldr	r3, [r3]
 145 0004 3F20     		movs	r0, #63
 146 0006 1840     		ands	r0, r3
 144:Generated_Source\PSoC4/Pin_5.c **** }
 147              		.loc 1 144 0
 148              		@ sp needed
 149 0008 7047     		bx	lr
 150              	.L9:
 151 000a C046     		.align	2
 152              	.L8:
 153 000c 04000440 		.word	1074003972
 154              		.cfi_endproc
 155              	.LFE2:
 156              		.size	Pin_5_Read, .-Pin_5_Read
 157              		.section	.text.Pin_5_ReadDataReg,"ax",%progbits
 158              		.align	2
 159              		.global	Pin_5_ReadDataReg
 160              		.code	16
 161              		.thumb_func
 162              		.type	Pin_5_ReadDataReg, %function
 163              	Pin_5_ReadDataReg:
 164              	.LFB3:
 145:Generated_Source\PSoC4/Pin_5.c **** 
 146:Generated_Source\PSoC4/Pin_5.c **** 
 147:Generated_Source\PSoC4/Pin_5.c **** /*******************************************************************************
 148:Generated_Source\PSoC4/Pin_5.c **** * Function Name: Pin_5_ReadDataReg
 149:Generated_Source\PSoC4/Pin_5.c **** ****************************************************************************//**
 150:Generated_Source\PSoC4/Pin_5.c **** *
 151:Generated_Source\PSoC4/Pin_5.c **** * \brief Reads the associated physical port's data output register and masks 
 152:Generated_Source\PSoC4/Pin_5.c **** *  the correct bits according to the width and bit position of the component 
 153:Generated_Source\PSoC4/Pin_5.c **** *  instance. 
 154:Generated_Source\PSoC4/Pin_5.c **** *
 155:Generated_Source\PSoC4/Pin_5.c **** * The data output register controls the signal applied to the physical pin in 
 156:Generated_Source\PSoC4/Pin_5.c **** * conjunction with the drive mode parameter. This is not the same as the 
 157:Generated_Source\PSoC4/Pin_5.c **** * preferred Pin_5_Read() API because the 
 158:Generated_Source\PSoC4/Pin_5.c **** * Pin_5_ReadDataReg() reads the data register instead of the status 
 159:Generated_Source\PSoC4/Pin_5.c **** * register. For output pins this is a useful function to determine the value 
 160:Generated_Source\PSoC4/Pin_5.c **** * just written to the pin.
 161:Generated_Source\PSoC4/Pin_5.c **** *
 162:Generated_Source\PSoC4/Pin_5.c **** * \return 
 163:Generated_Source\PSoC4/Pin_5.c **** *  The current value of the data register masked and shifted into a right 
 164:Generated_Source\PSoC4/Pin_5.c **** *  justified number for the component instance.
 165:Generated_Source\PSoC4/Pin_5.c **** *
 166:Generated_Source\PSoC4/Pin_5.c **** * \funcusage
 167:Generated_Source\PSoC4/Pin_5.c **** *  \snippet Pin_5_SUT.c usage_Pin_5_ReadDataReg 
 168:Generated_Source\PSoC4/Pin_5.c **** *******************************************************************************/
 169:Generated_Source\PSoC4/Pin_5.c **** uint8 Pin_5_ReadDataReg(void)
 170:Generated_Source\PSoC4/Pin_5.c **** {
 165              		.loc 1 170 0
 166              		.cfi_startproc
 167              		@ args = 0, pretend = 0, frame = 0
 168              		@ frame_needed = 0, uses_anonymous_args = 0
 169              		@ link register save eliminated.
 171:Generated_Source\PSoC4/Pin_5.c ****     return (uint8)((Pin_5_DR & Pin_5_MASK) >> Pin_5_SHIFT);
 170              		.loc 1 171 0
 171 0000 024B     		ldr	r3, .L11
ARM GAS  C:\Users\Castro\AppData\Local\Temp\cceIQIlQ.s 			page 7


 172 0002 1B68     		ldr	r3, [r3]
 173 0004 3F20     		movs	r0, #63
 174 0006 1840     		ands	r0, r3
 172:Generated_Source\PSoC4/Pin_5.c **** }
 175              		.loc 1 172 0
 176              		@ sp needed
 177 0008 7047     		bx	lr
 178              	.L12:
 179 000a C046     		.align	2
 180              	.L11:
 181 000c 00000440 		.word	1074003968
 182              		.cfi_endproc
 183              	.LFE3:
 184              		.size	Pin_5_ReadDataReg, .-Pin_5_ReadDataReg
 185              		.section	.text.Pin_5_SetInterruptMode,"ax",%progbits
 186              		.align	2
 187              		.global	Pin_5_SetInterruptMode
 188              		.code	16
 189              		.thumb_func
 190              		.type	Pin_5_SetInterruptMode, %function
 191              	Pin_5_SetInterruptMode:
 192              	.LFB4:
 173:Generated_Source\PSoC4/Pin_5.c **** 
 174:Generated_Source\PSoC4/Pin_5.c **** 
 175:Generated_Source\PSoC4/Pin_5.c **** /*******************************************************************************
 176:Generated_Source\PSoC4/Pin_5.c **** * Function Name: Pin_5_SetInterruptMode
 177:Generated_Source\PSoC4/Pin_5.c **** ****************************************************************************//**
 178:Generated_Source\PSoC4/Pin_5.c **** *
 179:Generated_Source\PSoC4/Pin_5.c **** * \brief Configures the interrupt mode for each of the Pins component's
 180:Generated_Source\PSoC4/Pin_5.c **** *  pins. Alternatively you may set the interrupt mode for all the pins
 181:Generated_Source\PSoC4/Pin_5.c **** *  specified in the Pins component.
 182:Generated_Source\PSoC4/Pin_5.c **** *
 183:Generated_Source\PSoC4/Pin_5.c **** *  <b>Note</b> The interrupt is port-wide and therefore any enabled pin
 184:Generated_Source\PSoC4/Pin_5.c **** *  interrupt may trigger it.
 185:Generated_Source\PSoC4/Pin_5.c **** *
 186:Generated_Source\PSoC4/Pin_5.c **** * \param position
 187:Generated_Source\PSoC4/Pin_5.c **** *  The pin position as listed in the Pins component. You may OR these to be 
 188:Generated_Source\PSoC4/Pin_5.c **** *  able to configure the interrupt mode of multiple pins within a Pins 
 189:Generated_Source\PSoC4/Pin_5.c **** *  component. Or you may use Pin_5_INTR_ALL to configure the
 190:Generated_Source\PSoC4/Pin_5.c **** *  interrupt mode of all the pins in the Pins component.       
 191:Generated_Source\PSoC4/Pin_5.c **** *  - Pin_5_0_INTR       (First pin in the list)
 192:Generated_Source\PSoC4/Pin_5.c **** *  - Pin_5_1_INTR       (Second pin in the list)
 193:Generated_Source\PSoC4/Pin_5.c **** *  - ...
 194:Generated_Source\PSoC4/Pin_5.c **** *  - Pin_5_INTR_ALL     (All pins in Pins component)
 195:Generated_Source\PSoC4/Pin_5.c **** *
 196:Generated_Source\PSoC4/Pin_5.c **** * \param mode
 197:Generated_Source\PSoC4/Pin_5.c **** *  Interrupt mode for the selected pins. Valid options are documented in
 198:Generated_Source\PSoC4/Pin_5.c **** *  \ref intrMode.
 199:Generated_Source\PSoC4/Pin_5.c **** *
 200:Generated_Source\PSoC4/Pin_5.c **** * \return 
 201:Generated_Source\PSoC4/Pin_5.c **** *  None
 202:Generated_Source\PSoC4/Pin_5.c **** *  
 203:Generated_Source\PSoC4/Pin_5.c **** * \sideeffect
 204:Generated_Source\PSoC4/Pin_5.c **** *  It is recommended that the interrupt be disabled before calling this 
 205:Generated_Source\PSoC4/Pin_5.c **** *  function to avoid unintended interrupt requests. Note that the interrupt
 206:Generated_Source\PSoC4/Pin_5.c **** *  type is port wide, and therefore will trigger for any enabled pin on the 
 207:Generated_Source\PSoC4/Pin_5.c **** *  port.
ARM GAS  C:\Users\Castro\AppData\Local\Temp\cceIQIlQ.s 			page 8


 208:Generated_Source\PSoC4/Pin_5.c **** *
 209:Generated_Source\PSoC4/Pin_5.c **** * \funcusage
 210:Generated_Source\PSoC4/Pin_5.c **** *  \snippet Pin_5_SUT.c usage_Pin_5_SetInterruptMode
 211:Generated_Source\PSoC4/Pin_5.c **** *******************************************************************************/
 212:Generated_Source\PSoC4/Pin_5.c **** void Pin_5_SetInterruptMode(uint16 position, uint16 mode)
 213:Generated_Source\PSoC4/Pin_5.c **** {
 193              		.loc 1 213 0
 194              		.cfi_startproc
 195              		@ args = 0, pretend = 0, frame = 0
 196              		@ frame_needed = 0, uses_anonymous_args = 0
 197              		@ link register save eliminated.
 198              	.LVL6:
 214:Generated_Source\PSoC4/Pin_5.c ****     uint32 intrCfg;
 215:Generated_Source\PSoC4/Pin_5.c ****     
 216:Generated_Source\PSoC4/Pin_5.c ****     intrCfg =  Pin_5_INTCFG & (uint32)(~(uint32)position);
 199              		.loc 1 216 0
 200 0000 034A     		ldr	r2, .L14
 201 0002 1368     		ldr	r3, [r2]
 202 0004 8343     		bics	r3, r0
 203              	.LVL7:
 217:Generated_Source\PSoC4/Pin_5.c ****     Pin_5_INTCFG = intrCfg | ((uint32)position & (uint32)mode);
 204              		.loc 1 217 0
 205 0006 0840     		ands	r0, r1
 206              	.LVL8:
 207 0008 1843     		orrs	r0, r3
 208 000a 1060     		str	r0, [r2]
 218:Generated_Source\PSoC4/Pin_5.c **** }
 209              		.loc 1 218 0
 210              		@ sp needed
 211 000c 7047     		bx	lr
 212              	.L15:
 213 000e C046     		.align	2
 214              	.L14:
 215 0010 0C000440 		.word	1074003980
 216              		.cfi_endproc
 217              	.LFE4:
 218              		.size	Pin_5_SetInterruptMode, .-Pin_5_SetInterruptMode
 219              		.section	.text.Pin_5_ClearInterrupt,"ax",%progbits
 220              		.align	2
 221              		.global	Pin_5_ClearInterrupt
 222              		.code	16
 223              		.thumb_func
 224              		.type	Pin_5_ClearInterrupt, %function
 225              	Pin_5_ClearInterrupt:
 226              	.LFB5:
 219:Generated_Source\PSoC4/Pin_5.c **** 
 220:Generated_Source\PSoC4/Pin_5.c **** 
 221:Generated_Source\PSoC4/Pin_5.c **** /*******************************************************************************
 222:Generated_Source\PSoC4/Pin_5.c **** * Function Name: Pin_5_ClearInterrupt
 223:Generated_Source\PSoC4/Pin_5.c **** ****************************************************************************//**
 224:Generated_Source\PSoC4/Pin_5.c **** *
 225:Generated_Source\PSoC4/Pin_5.c **** * \brief Clears any active interrupts attached with the component and returns 
 226:Generated_Source\PSoC4/Pin_5.c **** *  the value of the interrupt status register allowing determination of which
 227:Generated_Source\PSoC4/Pin_5.c **** *  pins generated an interrupt event.
 228:Generated_Source\PSoC4/Pin_5.c **** *
 229:Generated_Source\PSoC4/Pin_5.c **** * \return 
 230:Generated_Source\PSoC4/Pin_5.c **** *  The right-shifted current value of the interrupt status register. Each pin 
ARM GAS  C:\Users\Castro\AppData\Local\Temp\cceIQIlQ.s 			page 9


 231:Generated_Source\PSoC4/Pin_5.c **** *  has one bit set if it generated an interrupt event. For example, bit 0 is 
 232:Generated_Source\PSoC4/Pin_5.c **** *  for pin 0 and bit 1 is for pin 1 of the Pins component.
 233:Generated_Source\PSoC4/Pin_5.c **** *  
 234:Generated_Source\PSoC4/Pin_5.c **** * \sideeffect
 235:Generated_Source\PSoC4/Pin_5.c **** *  Clears all bits of the physical port's interrupt status register, not just
 236:Generated_Source\PSoC4/Pin_5.c **** *  those associated with the Pins component.
 237:Generated_Source\PSoC4/Pin_5.c **** *
 238:Generated_Source\PSoC4/Pin_5.c **** * \funcusage
 239:Generated_Source\PSoC4/Pin_5.c **** *  \snippet Pin_5_SUT.c usage_Pin_5_ClearInterrupt
 240:Generated_Source\PSoC4/Pin_5.c **** *******************************************************************************/
 241:Generated_Source\PSoC4/Pin_5.c **** uint8 Pin_5_ClearInterrupt(void)
 242:Generated_Source\PSoC4/Pin_5.c **** {
 227              		.loc 1 242 0
 228              		.cfi_startproc
 229              		@ args = 0, pretend = 0, frame = 0
 230              		@ frame_needed = 0, uses_anonymous_args = 0
 231              		@ link register save eliminated.
 243:Generated_Source\PSoC4/Pin_5.c **** 	uint8 maskedStatus = (uint8)(Pin_5_INTSTAT & Pin_5_MASK);
 232              		.loc 1 243 0
 233 0000 024A     		ldr	r2, .L17
 234 0002 1068     		ldr	r0, [r2]
 235 0004 3F23     		movs	r3, #63
 236 0006 1840     		ands	r0, r3
 237              	.LVL9:
 244:Generated_Source\PSoC4/Pin_5.c **** 	Pin_5_INTSTAT = maskedStatus;
 238              		.loc 1 244 0
 239 0008 1060     		str	r0, [r2]
 245:Generated_Source\PSoC4/Pin_5.c ****     return maskedStatus >> Pin_5_SHIFT;
 246:Generated_Source\PSoC4/Pin_5.c **** }
 240              		.loc 1 246 0
 241              		@ sp needed
 242 000a 7047     		bx	lr
 243              	.L18:
 244              		.align	2
 245              	.L17:
 246 000c 10000440 		.word	1074003984
 247              		.cfi_endproc
 248              	.LFE5:
 249              		.size	Pin_5_ClearInterrupt, .-Pin_5_ClearInterrupt
 250              		.text
 251              	.Letext0:
 252              		.file 2 "Generated_Source\\PSoC4\\cytypes.h"
 253              		.section	.debug_info,"",%progbits
 254              	.Ldebug_info0:
 255 0000 97010000 		.4byte	0x197
 256 0004 0400     		.2byte	0x4
 257 0006 00000000 		.4byte	.Ldebug_abbrev0
 258 000a 04       		.byte	0x4
 259 000b 01       		.uleb128 0x1
 260 000c 17010000 		.4byte	.LASF28
 261 0010 0C       		.byte	0xc
 262 0011 29000000 		.4byte	.LASF29
 263 0015 48000000 		.4byte	.LASF30
 264 0019 00000000 		.4byte	.Ldebug_ranges0+0
 265 001d 00000000 		.4byte	0
 266 0021 00000000 		.4byte	.Ldebug_line0
 267 0025 02       		.uleb128 0x2
ARM GAS  C:\Users\Castro\AppData\Local\Temp\cceIQIlQ.s 			page 10


 268 0026 01       		.byte	0x1
 269 0027 06       		.byte	0x6
 270 0028 12020000 		.4byte	.LASF0
 271 002c 02       		.uleb128 0x2
 272 002d 01       		.byte	0x1
 273 002e 08       		.byte	0x8
 274 002f 8F000000 		.4byte	.LASF1
 275 0033 02       		.uleb128 0x2
 276 0034 02       		.byte	0x2
 277 0035 05       		.byte	0x5
 278 0036 D8010000 		.4byte	.LASF2
 279 003a 02       		.uleb128 0x2
 280 003b 02       		.byte	0x2
 281 003c 07       		.byte	0x7
 282 003d B5000000 		.4byte	.LASF3
 283 0041 02       		.uleb128 0x2
 284 0042 04       		.byte	0x4
 285 0043 05       		.byte	0x5
 286 0044 F4010000 		.4byte	.LASF4
 287 0048 02       		.uleb128 0x2
 288 0049 04       		.byte	0x4
 289 004a 07       		.byte	0x7
 290 004b A3000000 		.4byte	.LASF5
 291 004f 02       		.uleb128 0x2
 292 0050 08       		.byte	0x8
 293 0051 05       		.byte	0x5
 294 0052 B8010000 		.4byte	.LASF6
 295 0056 02       		.uleb128 0x2
 296 0057 08       		.byte	0x8
 297 0058 07       		.byte	0x7
 298 0059 FB000000 		.4byte	.LASF7
 299 005d 03       		.uleb128 0x3
 300 005e 04       		.byte	0x4
 301 005f 05       		.byte	0x5
 302 0060 696E7400 		.ascii	"int\000"
 303 0064 02       		.uleb128 0x2
 304 0065 04       		.byte	0x4
 305 0066 07       		.byte	0x7
 306 0067 EE000000 		.4byte	.LASF8
 307 006b 04       		.uleb128 0x4
 308 006c EE010000 		.4byte	.LASF9
 309 0070 02       		.byte	0x2
 310 0071 E401     		.2byte	0x1e4
 311 0073 2C000000 		.4byte	0x2c
 312 0077 04       		.uleb128 0x4
 313 0078 CF000000 		.4byte	.LASF10
 314 007c 02       		.byte	0x2
 315 007d E501     		.2byte	0x1e5
 316 007f 3A000000 		.4byte	0x3a
 317 0083 04       		.uleb128 0x4
 318 0084 DF000000 		.4byte	.LASF11
 319 0088 02       		.byte	0x2
 320 0089 E601     		.2byte	0x1e6
 321 008b 48000000 		.4byte	0x48
 322 008f 02       		.uleb128 0x2
 323 0090 04       		.byte	0x4
 324 0091 04       		.byte	0x4
ARM GAS  C:\Users\Castro\AppData\Local\Temp\cceIQIlQ.s 			page 11


 325 0092 23000000 		.4byte	.LASF12
 326 0096 02       		.uleb128 0x2
 327 0097 08       		.byte	0x8
 328 0098 04       		.byte	0x4
 329 0099 C8000000 		.4byte	.LASF13
 330 009d 02       		.uleb128 0x2
 331 009e 01       		.byte	0x1
 332 009f 08       		.byte	0x8
 333 00a0 D3010000 		.4byte	.LASF14
 334 00a4 04       		.uleb128 0x4
 335 00a5 00000000 		.4byte	.LASF15
 336 00a9 02       		.byte	0x2
 337 00aa 9002     		.2byte	0x290
 338 00ac B0000000 		.4byte	0xb0
 339 00b0 05       		.uleb128 0x5
 340 00b1 83000000 		.4byte	0x83
 341 00b5 06       		.uleb128 0x6
 342 00b6 A5010000 		.4byte	.LASF16
 343 00ba 01       		.byte	0x1
 344 00bb 48       		.byte	0x48
 345 00bc 00000000 		.4byte	.LFB0
 346 00c0 60000000 		.4byte	.LFE0-.LFB0
 347 00c4 01       		.uleb128 0x1
 348 00c5 9C       		.byte	0x9c
 349 00c6 DA000000 		.4byte	0xda
 350 00ca 07       		.uleb128 0x7
 351 00cb 12010000 		.4byte	.LASF18
 352 00cf 01       		.byte	0x1
 353 00d0 48       		.byte	0x48
 354 00d1 6B000000 		.4byte	0x6b
 355 00d5 00000000 		.4byte	.LLST0
 356 00d9 00       		.byte	0
 357 00da 06       		.uleb128 0x6
 358 00db E2010000 		.4byte	.LASF17
 359 00df 01       		.byte	0x1
 360 00e0 74       		.byte	0x74
 361 00e1 00000000 		.4byte	.LFB1
 362 00e5 18000000 		.4byte	.LFE1-.LFB1
 363 00e9 01       		.uleb128 0x1
 364 00ea 9C       		.byte	0x9c
 365 00eb 0E010000 		.4byte	0x10e
 366 00ef 07       		.uleb128 0x7
 367 00f0 06000000 		.4byte	.LASF19
 368 00f4 01       		.byte	0x1
 369 00f5 74       		.byte	0x74
 370 00f6 6B000000 		.4byte	0x6b
 371 00fa 21000000 		.4byte	.LLST1
 372 00fe 08       		.uleb128 0x8
 373 00ff 9D000000 		.4byte	.LASF24
 374 0103 01       		.byte	0x1
 375 0104 76       		.byte	0x76
 376 0105 6B000000 		.4byte	0x6b
 377 0109 42000000 		.4byte	.LLST2
 378 010d 00       		.byte	0
 379 010e 09       		.uleb128 0x9
 380 010f 30020000 		.4byte	.LASF20
 381 0113 01       		.byte	0x1
ARM GAS  C:\Users\Castro\AppData\Local\Temp\cceIQIlQ.s 			page 12


 382 0114 8D       		.byte	0x8d
 383 0115 6B000000 		.4byte	0x6b
 384 0119 00000000 		.4byte	.LFB2
 385 011d 10000000 		.4byte	.LFE2-.LFB2
 386 0121 01       		.uleb128 0x1
 387 0122 9C       		.byte	0x9c
 388 0123 09       		.uleb128 0x9
 389 0124 1E020000 		.4byte	.LASF21
 390 0128 01       		.byte	0x1
 391 0129 A9       		.byte	0xa9
 392 012a 6B000000 		.4byte	0x6b
 393 012e 00000000 		.4byte	.LFB3
 394 0132 10000000 		.4byte	.LFE3-.LFB3
 395 0136 01       		.uleb128 0x1
 396 0137 9C       		.byte	0x9c
 397 0138 06       		.uleb128 0x6
 398 0139 0C000000 		.4byte	.LASF22
 399 013d 01       		.byte	0x1
 400 013e D4       		.byte	0xd4
 401 013f 00000000 		.4byte	.LFB4
 402 0143 14000000 		.4byte	.LFE4-.LFB4
 403 0147 01       		.uleb128 0x1
 404 0148 9C       		.byte	0x9c
 405 0149 77010000 		.4byte	0x177
 406 014d 07       		.uleb128 0x7
 407 014e D6000000 		.4byte	.LASF23
 408 0152 01       		.byte	0x1
 409 0153 D4       		.byte	0xd4
 410 0154 77000000 		.4byte	0x77
 411 0158 60000000 		.4byte	.LLST3
 412 015c 0A       		.uleb128 0xa
 413 015d 12010000 		.4byte	.LASF18
 414 0161 01       		.byte	0x1
 415 0162 D4       		.byte	0xd4
 416 0163 77000000 		.4byte	0x77
 417 0167 01       		.uleb128 0x1
 418 0168 51       		.byte	0x51
 419 0169 0B       		.uleb128 0xb
 420 016a E6000000 		.4byte	.LASF25
 421 016e 01       		.byte	0x1
 422 016f D6       		.byte	0xd6
 423 0170 83000000 		.4byte	0x83
 424 0174 01       		.uleb128 0x1
 425 0175 53       		.byte	0x53
 426 0176 00       		.byte	0
 427 0177 0C       		.uleb128 0xc
 428 0178 FD010000 		.4byte	.LASF26
 429 017c 01       		.byte	0x1
 430 017d F1       		.byte	0xf1
 431 017e 6B000000 		.4byte	0x6b
 432 0182 00000000 		.4byte	.LFB5
 433 0186 10000000 		.4byte	.LFE5-.LFB5
 434 018a 01       		.uleb128 0x1
 435 018b 9C       		.byte	0x9c
 436 018c 0B       		.uleb128 0xb
 437 018d C6010000 		.4byte	.LASF27
 438 0191 01       		.byte	0x1
ARM GAS  C:\Users\Castro\AppData\Local\Temp\cceIQIlQ.s 			page 13


 439 0192 F3       		.byte	0xf3
 440 0193 6B000000 		.4byte	0x6b
 441 0197 01       		.uleb128 0x1
 442 0198 50       		.byte	0x50
 443 0199 00       		.byte	0
 444 019a 00       		.byte	0
 445              		.section	.debug_abbrev,"",%progbits
 446              	.Ldebug_abbrev0:
 447 0000 01       		.uleb128 0x1
 448 0001 11       		.uleb128 0x11
 449 0002 01       		.byte	0x1
 450 0003 25       		.uleb128 0x25
 451 0004 0E       		.uleb128 0xe
 452 0005 13       		.uleb128 0x13
 453 0006 0B       		.uleb128 0xb
 454 0007 03       		.uleb128 0x3
 455 0008 0E       		.uleb128 0xe
 456 0009 1B       		.uleb128 0x1b
 457 000a 0E       		.uleb128 0xe
 458 000b 55       		.uleb128 0x55
 459 000c 17       		.uleb128 0x17
 460 000d 11       		.uleb128 0x11
 461 000e 01       		.uleb128 0x1
 462 000f 10       		.uleb128 0x10
 463 0010 17       		.uleb128 0x17
 464 0011 00       		.byte	0
 465 0012 00       		.byte	0
 466 0013 02       		.uleb128 0x2
 467 0014 24       		.uleb128 0x24
 468 0015 00       		.byte	0
 469 0016 0B       		.uleb128 0xb
 470 0017 0B       		.uleb128 0xb
 471 0018 3E       		.uleb128 0x3e
 472 0019 0B       		.uleb128 0xb
 473 001a 03       		.uleb128 0x3
 474 001b 0E       		.uleb128 0xe
 475 001c 00       		.byte	0
 476 001d 00       		.byte	0
 477 001e 03       		.uleb128 0x3
 478 001f 24       		.uleb128 0x24
 479 0020 00       		.byte	0
 480 0021 0B       		.uleb128 0xb
 481 0022 0B       		.uleb128 0xb
 482 0023 3E       		.uleb128 0x3e
 483 0024 0B       		.uleb128 0xb
 484 0025 03       		.uleb128 0x3
 485 0026 08       		.uleb128 0x8
 486 0027 00       		.byte	0
 487 0028 00       		.byte	0
 488 0029 04       		.uleb128 0x4
 489 002a 16       		.uleb128 0x16
 490 002b 00       		.byte	0
 491 002c 03       		.uleb128 0x3
 492 002d 0E       		.uleb128 0xe
 493 002e 3A       		.uleb128 0x3a
 494 002f 0B       		.uleb128 0xb
 495 0030 3B       		.uleb128 0x3b
ARM GAS  C:\Users\Castro\AppData\Local\Temp\cceIQIlQ.s 			page 14


 496 0031 05       		.uleb128 0x5
 497 0032 49       		.uleb128 0x49
 498 0033 13       		.uleb128 0x13
 499 0034 00       		.byte	0
 500 0035 00       		.byte	0
 501 0036 05       		.uleb128 0x5
 502 0037 35       		.uleb128 0x35
 503 0038 00       		.byte	0
 504 0039 49       		.uleb128 0x49
 505 003a 13       		.uleb128 0x13
 506 003b 00       		.byte	0
 507 003c 00       		.byte	0
 508 003d 06       		.uleb128 0x6
 509 003e 2E       		.uleb128 0x2e
 510 003f 01       		.byte	0x1
 511 0040 3F       		.uleb128 0x3f
 512 0041 19       		.uleb128 0x19
 513 0042 03       		.uleb128 0x3
 514 0043 0E       		.uleb128 0xe
 515 0044 3A       		.uleb128 0x3a
 516 0045 0B       		.uleb128 0xb
 517 0046 3B       		.uleb128 0x3b
 518 0047 0B       		.uleb128 0xb
 519 0048 27       		.uleb128 0x27
 520 0049 19       		.uleb128 0x19
 521 004a 11       		.uleb128 0x11
 522 004b 01       		.uleb128 0x1
 523 004c 12       		.uleb128 0x12
 524 004d 06       		.uleb128 0x6
 525 004e 40       		.uleb128 0x40
 526 004f 18       		.uleb128 0x18
 527 0050 9742     		.uleb128 0x2117
 528 0052 19       		.uleb128 0x19
 529 0053 01       		.uleb128 0x1
 530 0054 13       		.uleb128 0x13
 531 0055 00       		.byte	0
 532 0056 00       		.byte	0
 533 0057 07       		.uleb128 0x7
 534 0058 05       		.uleb128 0x5
 535 0059 00       		.byte	0
 536 005a 03       		.uleb128 0x3
 537 005b 0E       		.uleb128 0xe
 538 005c 3A       		.uleb128 0x3a
 539 005d 0B       		.uleb128 0xb
 540 005e 3B       		.uleb128 0x3b
 541 005f 0B       		.uleb128 0xb
 542 0060 49       		.uleb128 0x49
 543 0061 13       		.uleb128 0x13
 544 0062 02       		.uleb128 0x2
 545 0063 17       		.uleb128 0x17
 546 0064 00       		.byte	0
 547 0065 00       		.byte	0
 548 0066 08       		.uleb128 0x8
 549 0067 34       		.uleb128 0x34
 550 0068 00       		.byte	0
 551 0069 03       		.uleb128 0x3
 552 006a 0E       		.uleb128 0xe
ARM GAS  C:\Users\Castro\AppData\Local\Temp\cceIQIlQ.s 			page 15


 553 006b 3A       		.uleb128 0x3a
 554 006c 0B       		.uleb128 0xb
 555 006d 3B       		.uleb128 0x3b
 556 006e 0B       		.uleb128 0xb
 557 006f 49       		.uleb128 0x49
 558 0070 13       		.uleb128 0x13
 559 0071 02       		.uleb128 0x2
 560 0072 17       		.uleb128 0x17
 561 0073 00       		.byte	0
 562 0074 00       		.byte	0
 563 0075 09       		.uleb128 0x9
 564 0076 2E       		.uleb128 0x2e
 565 0077 00       		.byte	0
 566 0078 3F       		.uleb128 0x3f
 567 0079 19       		.uleb128 0x19
 568 007a 03       		.uleb128 0x3
 569 007b 0E       		.uleb128 0xe
 570 007c 3A       		.uleb128 0x3a
 571 007d 0B       		.uleb128 0xb
 572 007e 3B       		.uleb128 0x3b
 573 007f 0B       		.uleb128 0xb
 574 0080 27       		.uleb128 0x27
 575 0081 19       		.uleb128 0x19
 576 0082 49       		.uleb128 0x49
 577 0083 13       		.uleb128 0x13
 578 0084 11       		.uleb128 0x11
 579 0085 01       		.uleb128 0x1
 580 0086 12       		.uleb128 0x12
 581 0087 06       		.uleb128 0x6
 582 0088 40       		.uleb128 0x40
 583 0089 18       		.uleb128 0x18
 584 008a 9742     		.uleb128 0x2117
 585 008c 19       		.uleb128 0x19
 586 008d 00       		.byte	0
 587 008e 00       		.byte	0
 588 008f 0A       		.uleb128 0xa
 589 0090 05       		.uleb128 0x5
 590 0091 00       		.byte	0
 591 0092 03       		.uleb128 0x3
 592 0093 0E       		.uleb128 0xe
 593 0094 3A       		.uleb128 0x3a
 594 0095 0B       		.uleb128 0xb
 595 0096 3B       		.uleb128 0x3b
 596 0097 0B       		.uleb128 0xb
 597 0098 49       		.uleb128 0x49
 598 0099 13       		.uleb128 0x13
 599 009a 02       		.uleb128 0x2
 600 009b 18       		.uleb128 0x18
 601 009c 00       		.byte	0
 602 009d 00       		.byte	0
 603 009e 0B       		.uleb128 0xb
 604 009f 34       		.uleb128 0x34
 605 00a0 00       		.byte	0
 606 00a1 03       		.uleb128 0x3
 607 00a2 0E       		.uleb128 0xe
 608 00a3 3A       		.uleb128 0x3a
 609 00a4 0B       		.uleb128 0xb
ARM GAS  C:\Users\Castro\AppData\Local\Temp\cceIQIlQ.s 			page 16


 610 00a5 3B       		.uleb128 0x3b
 611 00a6 0B       		.uleb128 0xb
 612 00a7 49       		.uleb128 0x49
 613 00a8 13       		.uleb128 0x13
 614 00a9 02       		.uleb128 0x2
 615 00aa 18       		.uleb128 0x18
 616 00ab 00       		.byte	0
 617 00ac 00       		.byte	0
 618 00ad 0C       		.uleb128 0xc
 619 00ae 2E       		.uleb128 0x2e
 620 00af 01       		.byte	0x1
 621 00b0 3F       		.uleb128 0x3f
 622 00b1 19       		.uleb128 0x19
 623 00b2 03       		.uleb128 0x3
 624 00b3 0E       		.uleb128 0xe
 625 00b4 3A       		.uleb128 0x3a
 626 00b5 0B       		.uleb128 0xb
 627 00b6 3B       		.uleb128 0x3b
 628 00b7 0B       		.uleb128 0xb
 629 00b8 27       		.uleb128 0x27
 630 00b9 19       		.uleb128 0x19
 631 00ba 49       		.uleb128 0x49
 632 00bb 13       		.uleb128 0x13
 633 00bc 11       		.uleb128 0x11
 634 00bd 01       		.uleb128 0x1
 635 00be 12       		.uleb128 0x12
 636 00bf 06       		.uleb128 0x6
 637 00c0 40       		.uleb128 0x40
 638 00c1 18       		.uleb128 0x18
 639 00c2 9742     		.uleb128 0x2117
 640 00c4 19       		.uleb128 0x19
 641 00c5 00       		.byte	0
 642 00c6 00       		.byte	0
 643 00c7 00       		.byte	0
 644              		.section	.debug_loc,"",%progbits
 645              	.Ldebug_loc0:
 646              	.LLST0:
 647 0000 00000000 		.4byte	.LVL0
 648 0004 44000000 		.4byte	.LVL1
 649 0008 0100     		.2byte	0x1
 650 000a 50       		.byte	0x50
 651 000b 44000000 		.4byte	.LVL1
 652 000f 60000000 		.4byte	.LFE0
 653 0013 0400     		.2byte	0x4
 654 0015 F3       		.byte	0xf3
 655 0016 01       		.uleb128 0x1
 656 0017 50       		.byte	0x50
 657 0018 9F       		.byte	0x9f
 658 0019 00000000 		.4byte	0
 659 001d 00000000 		.4byte	0
 660              	.LLST1:
 661 0021 00000000 		.4byte	.LVL2
 662 0025 0C000000 		.4byte	.LVL4
 663 0029 0100     		.2byte	0x1
 664 002b 50       		.byte	0x50
 665 002c 0C000000 		.4byte	.LVL4
 666 0030 18000000 		.4byte	.LFE1
ARM GAS  C:\Users\Castro\AppData\Local\Temp\cceIQIlQ.s 			page 17


 667 0034 0400     		.2byte	0x4
 668 0036 F3       		.byte	0xf3
 669 0037 01       		.uleb128 0x1
 670 0038 50       		.byte	0x50
 671 0039 9F       		.byte	0x9f
 672 003a 00000000 		.4byte	0
 673 003e 00000000 		.4byte	0
 674              	.LLST2:
 675 0042 0A000000 		.4byte	.LVL3
 676 0046 0E000000 		.4byte	.LVL5
 677 004a 0100     		.2byte	0x1
 678 004c 53       		.byte	0x53
 679 004d 0E000000 		.4byte	.LVL5
 680 0051 18000000 		.4byte	.LFE1
 681 0055 0100     		.2byte	0x1
 682 0057 50       		.byte	0x50
 683 0058 00000000 		.4byte	0
 684 005c 00000000 		.4byte	0
 685              	.LLST3:
 686 0060 00000000 		.4byte	.LVL6
 687 0064 08000000 		.4byte	.LVL8
 688 0068 0100     		.2byte	0x1
 689 006a 50       		.byte	0x50
 690 006b 08000000 		.4byte	.LVL8
 691 006f 14000000 		.4byte	.LFE4
 692 0073 0400     		.2byte	0x4
 693 0075 F3       		.byte	0xf3
 694 0076 01       		.uleb128 0x1
 695 0077 50       		.byte	0x50
 696 0078 9F       		.byte	0x9f
 697 0079 00000000 		.4byte	0
 698 007d 00000000 		.4byte	0
 699              		.section	.debug_aranges,"",%progbits
 700 0000 44000000 		.4byte	0x44
 701 0004 0200     		.2byte	0x2
 702 0006 00000000 		.4byte	.Ldebug_info0
 703 000a 04       		.byte	0x4
 704 000b 00       		.byte	0
 705 000c 0000     		.2byte	0
 706 000e 0000     		.2byte	0
 707 0010 00000000 		.4byte	.LFB0
 708 0014 60000000 		.4byte	.LFE0-.LFB0
 709 0018 00000000 		.4byte	.LFB1
 710 001c 18000000 		.4byte	.LFE1-.LFB1
 711 0020 00000000 		.4byte	.LFB2
 712 0024 10000000 		.4byte	.LFE2-.LFB2
 713 0028 00000000 		.4byte	.LFB3
 714 002c 10000000 		.4byte	.LFE3-.LFB3
 715 0030 00000000 		.4byte	.LFB4
 716 0034 14000000 		.4byte	.LFE4-.LFB4
 717 0038 00000000 		.4byte	.LFB5
 718 003c 10000000 		.4byte	.LFE5-.LFB5
 719 0040 00000000 		.4byte	0
 720 0044 00000000 		.4byte	0
 721              		.section	.debug_ranges,"",%progbits
 722              	.Ldebug_ranges0:
 723 0000 00000000 		.4byte	.LFB0
ARM GAS  C:\Users\Castro\AppData\Local\Temp\cceIQIlQ.s 			page 18


 724 0004 60000000 		.4byte	.LFE0
 725 0008 00000000 		.4byte	.LFB1
 726 000c 18000000 		.4byte	.LFE1
 727 0010 00000000 		.4byte	.LFB2
 728 0014 10000000 		.4byte	.LFE2
 729 0018 00000000 		.4byte	.LFB3
 730 001c 10000000 		.4byte	.LFE3
 731 0020 00000000 		.4byte	.LFB4
 732 0024 14000000 		.4byte	.LFE4
 733 0028 00000000 		.4byte	.LFB5
 734 002c 10000000 		.4byte	.LFE5
 735 0030 00000000 		.4byte	0
 736 0034 00000000 		.4byte	0
 737              		.section	.debug_line,"",%progbits
 738              	.Ldebug_line0:
 739 0000 BD000000 		.section	.debug_str,"MS",%progbits,1
 739      02004200 
 739      00000201 
 739      FB0E0D00 
 739      01010101 
 740              	.LASF15:
 741 0000 72656733 		.ascii	"reg32\000"
 741      3200
 742              	.LASF19:
 743 0006 76616C75 		.ascii	"value\000"
 743      6500
 744              	.LASF22:
 745 000c 50696E5F 		.ascii	"Pin_5_SetInterruptMode\000"
 745      355F5365 
 745      74496E74 
 745      65727275 
 745      70744D6F 
 746              	.LASF12:
 747 0023 666C6F61 		.ascii	"float\000"
 747      7400
 748              	.LASF29:
 749 0029 47656E65 		.ascii	"Generated_Source\\PSoC4\\Pin_5.c\000"
 749      72617465 
 749      645F536F 
 749      75726365 
 749      5C50536F 
 750              	.LASF30:
 751 0048 453A5C4C 		.ascii	"E:\\Logica Secuencial\\Exposicion\\distorsion\\Work"
 751      6F676963 
 751      61205365 
 751      6375656E 
 751      6369616C 
 752 0077 73706163 		.ascii	"spaceDAC\\Design01.cydsn\000"
 752      65444143 
 752      5C446573 
 752      69676E30 
 752      312E6379 
 753              	.LASF1:
 754 008f 756E7369 		.ascii	"unsigned char\000"
 754      676E6564 
 754      20636861 
 754      7200
ARM GAS  C:\Users\Castro\AppData\Local\Temp\cceIQIlQ.s 			page 19


 755              	.LASF24:
 756 009d 64725661 		.ascii	"drVal\000"
 756      6C00
 757              	.LASF5:
 758 00a3 6C6F6E67 		.ascii	"long unsigned int\000"
 758      20756E73 
 758      69676E65 
 758      6420696E 
 758      7400
 759              	.LASF3:
 760 00b5 73686F72 		.ascii	"short unsigned int\000"
 760      7420756E 
 760      7369676E 
 760      65642069 
 760      6E7400
 761              	.LASF13:
 762 00c8 646F7562 		.ascii	"double\000"
 762      6C6500
 763              	.LASF10:
 764 00cf 75696E74 		.ascii	"uint16\000"
 764      313600
 765              	.LASF23:
 766 00d6 706F7369 		.ascii	"position\000"
 766      74696F6E 
 766      00
 767              	.LASF11:
 768 00df 75696E74 		.ascii	"uint32\000"
 768      333200
 769              	.LASF25:
 770 00e6 696E7472 		.ascii	"intrCfg\000"
 770      43666700 
 771              	.LASF8:
 772 00ee 756E7369 		.ascii	"unsigned int\000"
 772      676E6564 
 772      20696E74 
 772      00
 773              	.LASF7:
 774 00fb 6C6F6E67 		.ascii	"long long unsigned int\000"
 774      206C6F6E 
 774      6720756E 
 774      7369676E 
 774      65642069 
 775              	.LASF18:
 776 0112 6D6F6465 		.ascii	"mode\000"
 776      00
 777              	.LASF28:
 778 0117 474E5520 		.ascii	"GNU C11 5.4.1 20160609 (release) [ARM/embedded-5-br"
 778      43313120 
 778      352E342E 
 778      31203230 
 778      31363036 
 779 014a 616E6368 		.ascii	"anch revision 237715] -mcpu=cortex-m0 -mthumb -g -O"
 779      20726576 
 779      6973696F 
 779      6E203233 
 779      37373135 
 780 017d 67202D66 		.ascii	"g -ffunction-sections -ffat-lto-objects\000"
ARM GAS  C:\Users\Castro\AppData\Local\Temp\cceIQIlQ.s 			page 20


 780      66756E63 
 780      74696F6E 
 780      2D736563 
 780      74696F6E 
 781              	.LASF16:
 782 01a5 50696E5F 		.ascii	"Pin_5_SetDriveMode\000"
 782      355F5365 
 782      74447269 
 782      76654D6F 
 782      646500
 783              	.LASF6:
 784 01b8 6C6F6E67 		.ascii	"long long int\000"
 784      206C6F6E 
 784      6720696E 
 784      7400
 785              	.LASF27:
 786 01c6 6D61736B 		.ascii	"maskedStatus\000"
 786      65645374 
 786      61747573 
 786      00
 787              	.LASF14:
 788 01d3 63686172 		.ascii	"char\000"
 788      00
 789              	.LASF2:
 790 01d8 73686F72 		.ascii	"short int\000"
 790      7420696E 
 790      7400
 791              	.LASF17:
 792 01e2 50696E5F 		.ascii	"Pin_5_Write\000"
 792      355F5772 
 792      69746500 
 793              	.LASF9:
 794 01ee 75696E74 		.ascii	"uint8\000"
 794      3800
 795              	.LASF4:
 796 01f4 6C6F6E67 		.ascii	"long int\000"
 796      20696E74 
 796      00
 797              	.LASF26:
 798 01fd 50696E5F 		.ascii	"Pin_5_ClearInterrupt\000"
 798      355F436C 
 798      65617249 
 798      6E746572 
 798      72757074 
 799              	.LASF0:
 800 0212 7369676E 		.ascii	"signed char\000"
 800      65642063 
 800      68617200 
 801              	.LASF21:
 802 021e 50696E5F 		.ascii	"Pin_5_ReadDataReg\000"
 802      355F5265 
 802      61644461 
 802      74615265 
 802      6700
 803              	.LASF20:
 804 0230 50696E5F 		.ascii	"Pin_5_Read\000"
 804      355F5265 
ARM GAS  C:\Users\Castro\AppData\Local\Temp\cceIQIlQ.s 			page 21


 804      616400
 805              		.ident	"GCC: (GNU Tools for ARM Embedded Processors) 5.4.1 20160609 (release) [ARM/embedded-5-bran
