Release 14.5 - xst P.58f (nt64)
Copyright (c) 1995-2012 Xilinx, Inc.  All rights reserved.
--> Parameter TMPDIR set to xst/projnav.tmp


Total REAL time to Xst completion: 0.00 secs
Total CPU time to Xst completion: 0.10 secs
 
--> Parameter xsthdpdir set to xst


Total REAL time to Xst completion: 0.00 secs
Total CPU time to Xst completion: 0.10 secs
 
--> Reading design: Ram.prj

TABLE OF CONTENTS
  1) Synthesis Options Summary
  2) HDL Parsing
  3) HDL Elaboration
  4) HDL Synthesis
       4.1) HDL Synthesis Report
  5) Advanced HDL Synthesis
       5.1) Advanced HDL Synthesis Report
  6) Low Level Synthesis
  7) Partition Report
  8) Design Summary
       8.1) Primitive and Black Box Usage
       8.2) Device utilization summary
       8.3) Partition Resource Summary
       8.4) Timing Report
            8.4.1) Clock Information
            8.4.2) Asynchronous Control Signals Information
            8.4.3) Timing Summary
            8.4.4) Timing Details
            8.4.5) Cross Clock Domains Report


=========================================================================
*                      Synthesis Options Summary                        *
=========================================================================
---- Source Parameters
Input File Name                    : "Ram.prj"
Ignore Synthesis Constraint File   : NO

---- Target Parameters
Output File Name                   : "Ram"
Output Format                      : NGC
Target Device                      : xc6slx9-2-csg225

---- Source Options
Top Module Name                    : Ram
Automatic FSM Extraction           : YES
FSM Encoding Algorithm             : Auto
Safe Implementation                : No
FSM Style                          : LUT
RAM Extraction                     : Yes
RAM Style                          : Auto
ROM Extraction                     : Yes
Shift Register Extraction          : YES
ROM Style                          : Auto
Resource Sharing                   : YES
Asynchronous To Synchronous        : NO
Shift Register Minimum Size        : 2
Use DSP Block                      : Auto
Automatic Register Balancing       : No

---- Target Options
LUT Combining                      : Auto
Reduce Control Sets                : Auto
Add IO Buffers                     : YES
Global Maximum Fanout              : 100000
Add Generic Clock Buffer(BUFG)     : 16
Register Duplication               : YES
Optimize Instantiated Primitives   : NO
Use Clock Enable                   : Auto
Use Synchronous Set                : Auto
Use Synchronous Reset              : Auto
Pack IO Registers into IOBs        : Auto
Equivalent register Removal        : YES

---- General Options
Optimization Goal                  : Speed
Optimization Effort                : 1
Power Reduction                    : NO
Keep Hierarchy                     : No
Netlist Hierarchy                  : As_Optimized
RTL Output                         : Yes
Global Optimization                : AllClockNets
Read Cores                         : YES
Write Timing Constraints           : NO
Cross Clock Analysis               : NO
Hierarchy Separator                : /
Bus Delimiter                      : <>
Case Specifier                     : Maintain
Slice Utilization Ratio            : 100
BRAM Utilization Ratio             : 100
DSP48 Utilization Ratio            : 100
Auto BRAM Packing                  : NO
Slice Utilization Ratio Delta      : 5

=========================================================================


=========================================================================
*                          HDL Parsing                                  *
=========================================================================
Parsing VHDL file "G:\9no Semestre\Arquitectura de Computadoras\Practicas\Arquitectura\Ram\Ram.vhd" into library work
Parsing entity <Ram>.
Parsing architecture <Behavioral> of entity <ram>.

=========================================================================
*                            HDL Elaboration                            *
=========================================================================

Elaborating entity <Ram> (architecture <Behavioral>) from library <work>.

=========================================================================
*                           HDL Synthesis                               *
=========================================================================

Synthesizing Unit <Ram>.
    Related source file is "G:\9no Semestre\Arquitectura de Computadoras\Practicas\Arquitectura\Ram\Ram.vhd".
    Found 16x4-bit single-port RAM <Mram_dato> for signal <dato>.
    Found 4-bit register for signal <sale>.
    Summary:
	inferred   1 RAM(s).
	inferred   4 D-type flip-flop(s).
Unit <Ram> synthesized.

=========================================================================
HDL Synthesis Report

Macro Statistics
# RAMs                                                 : 1
 16x4-bit single-port RAM                              : 1
# Registers                                            : 1
 4-bit register                                        : 1

=========================================================================

=========================================================================
*                       Advanced HDL Synthesis                          *
=========================================================================


Synthesizing (advanced) Unit <Ram>.
INFO:Xst:3231 - The small RAM <Mram_dato> will be implemented on LUTs in order to maximize performance and save block RAM resources. If you want to force its implementation on block, use option/constraint ram_style.
    -----------------------------------------------------------------------
    | ram_type           | Distributed                         |          |
    -----------------------------------------------------------------------
    | Port A                                                              |
    |     aspect ratio   | 16-word x 4-bit                     |          |
    |     clkA           | connected to signal <clk>           | fall     |
    |     weA            | connected to signal <rw_0>          | low      |
    |     addrA          | connected to signal <dire>          |          |
    |     diA            | connected to signal <entra>         |          |
    |     doA            | connected to internal node          |          |
    -----------------------------------------------------------------------
Unit <Ram> synthesized (advanced).

=========================================================================
Advanced HDL Synthesis Report

Macro Statistics
# RAMs                                                 : 1
 16x4-bit single-port distributed RAM                  : 1
# Registers                                            : 4
 Flip-Flops                                            : 4

=========================================================================

=========================================================================
*                         Low Level Synthesis                           *
=========================================================================

Optimizing unit <Ram> ...

Mapping all equations...
Building and optimizing final netlist ...
Found area constraint ratio of 100 (+ 5) on block Ram, actual ratio is 0.

Final Macro Processing ...

=========================================================================
Final Register Report

Macro Statistics
# Registers                                            : 4
 Flip-Flops                                            : 4

=========================================================================

=========================================================================
*                           Partition Report                            *
=========================================================================

Partition Implementation Status
-------------------------------

  No Partitions were found in this design.

-------------------------------

=========================================================================
*                            Design Summary                             *
=========================================================================

Top Level Output File Name         : Ram.ngc

Primitive and Black Box Usage:
------------------------------
# BELS                             : 3
#      INV                         : 1
#      LUT2                        : 2
# FlipFlops/Latches                : 4
#      FDE_1                       : 4
# RAMS                             : 4
#      RAM16X1S                    : 4
# Clock Buffers                    : 1
#      BUFGP                       : 1
# IO Buffers                       : 14
#      IBUF                        : 10
#      OBUF                        : 4

Device utilization summary:
---------------------------

Selected Device : 6slx9csg225-2 


Slice Logic Utilization: 
 Number of Slice Registers:               4  out of  11440     0%  
 Number of Slice LUTs:                    7  out of   5720     0%  
    Number used as Logic:                 3  out of   5720     0%  
    Number used as Memory:                4  out of   1440     0%  
       Number used as RAM:                4

Slice Logic Distribution: 
 Number of LUT Flip Flop pairs used:     11
   Number with an unused Flip Flop:       7  out of     11    63%  
   Number with an unused LUT:             4  out of     11    36%  
   Number of fully used LUT-FF pairs:     0  out of     11     0%  
   Number of unique control sets:         1

IO Utilization: 
 Number of IOs:                          15
 Number of bonded IOBs:                  15  out of    160     9%  

Specific Feature Utilization:
 Number of BUFG/BUFGCTRL/BUFHCEs:         1  out of     16     6%  

---------------------------
Partition Resource Summary:
---------------------------

  No Partitions were found in this design.

---------------------------


=========================================================================
Timing Report

NOTE: THESE TIMING NUMBERS ARE ONLY A SYNTHESIS ESTIMATE.
      FOR ACCURATE TIMING INFORMATION PLEASE REFER TO THE TRACE REPORT
      GENERATED AFTER PLACE-and-ROUTE.

Clock Information:
------------------
-----------------------------------+------------------------+-------+
Clock Signal                       | Clock buffer(FF name)  | Load  |
-----------------------------------+------------------------+-------+
clk                                | BUFGP                  | 8     |
-----------------------------------+------------------------+-------+

Asynchronous Control Signals Information:
----------------------------------------
No asynchronous control signals found in this design

Timing Summary:
---------------
Speed Grade: -2

   Minimum period: 1.937ns (Maximum Frequency: 516.262MHz)
   Minimum input arrival time before clock: 3.584ns
   Maximum output required time after clock: 4.118ns
   Maximum combinational path delay: No path found

Timing Details:
---------------
All values displayed in nanoseconds (ns)

=========================================================================
Timing constraint: Default period analysis for Clock 'clk'
  Clock period: 1.937ns (frequency: 516.262MHz)
  Total number of paths / destination ports: 4 / 4
-------------------------------------------------------------------------
Delay:               1.937ns (Levels of Logic = 0)
  Source:            Mram_dato1 (RAM)
  Destination:       sale_0 (FF)
  Source Clock:      clk falling
  Destination Clock: clk falling

  Data Path: Mram_dato1 to sale_0
                                Gate     Net
    Cell:in->out      fanout   Delay   Delay  Logical Name (Net Name)
    ----------------------------------------  ------------
     RAM16X1S:WCLK->O      1   1.182   0.681  Mram_dato1 (_n0014<0>)
     FDE_1:D                   0.074          sale_0
    ----------------------------------------
    Total                      1.937ns (1.256ns logic, 0.681ns route)
                                       (64.8% logic, 35.2% route)

=========================================================================
Timing constraint: Default OFFSET IN BEFORE for Clock 'clk'
  Total number of paths / destination ports: 52 / 32
-------------------------------------------------------------------------
Offset:              3.584ns (Levels of Logic = 2)
  Source:            ctrl (PAD)
  Destination:       Mram_dato1 (RAM)
  Destination Clock: clk falling

  Data Path: ctrl to Mram_dato1
                                Gate     Net
    Cell:in->out      fanout   Delay   Delay  Logical Name (Net Name)
    ----------------------------------------  ------------
     IBUF:I->O             2   1.328   0.834  ctrl_IBUF (ctrl_IBUF)
     LUT2:I0->O            4   0.250   0.803  write_ctrl (write_ctrl)
     RAM16X1S:WE               0.369          Mram_dato1
    ----------------------------------------
    Total                      3.584ns (1.947ns logic, 1.637ns route)
                                       (54.3% logic, 45.7% route)

=========================================================================
Timing constraint: Default OFFSET OUT AFTER for Clock 'clk'
  Total number of paths / destination ports: 4 / 4
-------------------------------------------------------------------------
Offset:              4.118ns (Levels of Logic = 1)
  Source:            sale_3 (FF)
  Destination:       sale<3> (PAD)
  Source Clock:      clk falling

  Data Path: sale_3 to sale<3>
                                Gate     Net
    Cell:in->out      fanout   Delay   Delay  Logical Name (Net Name)
    ----------------------------------------  ------------
     FDE_1:C->Q            1   0.525   0.681  sale_3 (sale_3)
     OBUF:I->O                 2.912          sale_3_OBUF (sale<3>)
    ----------------------------------------
    Total                      4.118ns (3.437ns logic, 0.681ns route)
                                       (83.5% logic, 16.5% route)

=========================================================================

Cross Clock Domains Report:
--------------------------

Clock to Setup on destination clock clk
---------------+---------+---------+---------+---------+
               | Src:Rise| Src:Fall| Src:Rise| Src:Fall|
Source Clock   |Dest:Rise|Dest:Rise|Dest:Fall|Dest:Fall|
---------------+---------+---------+---------+---------+
clk            |         |         |    1.937|         |
---------------+---------+---------+---------+---------+

=========================================================================


Total REAL time to Xst completion: 6.00 secs
Total CPU time to Xst completion: 5.95 secs
 
--> 

Total memory usage is 227312 kilobytes

Number of errors   :    0 (   0 filtered)
Number of warnings :    0 (   0 filtered)
Number of infos    :    1 (   0 filtered)

