Running: C:\Xilinx\14.5\ISE_DS\ISE\bin\nt64\unwrapped\fuse.exe -intstyle ise -incremental -lib secureip -o G:/9no Semestre/Arquitectura de Computadoras/Practicas/Arquitectura/ALU/tb_ALU_isim_beh.exe -prj G:/9no Semestre/Arquitectura de Computadoras/Practicas/Arquitectura/ALU/tb_ALU_beh.prj work.tb_ALU 
ISim P.58f (signature 0x7708f090)
Number of CPUs detected in this system: 4
Turning on mult-threading, number of parallel sub-compilation jobs: 8 
Determining compilation order of HDL files
Parsing VHDL file "G:/9no Semestre/Arquitectura de Computadoras/Practicas/Arquitectura/ALU/ALU.vhd" into library work
Parsing VHDL file "G:/9no Semestre/Arquitectura de Computadoras/Practicas/Arquitectura/ALU/tb_ALU.vhd" into library work
Starting static elaboration
Completed static elaboration
Compiling package standard
Compiling package std_logic_1164
Compiling package std_logic_arith
Compiling package std_logic_unsigned
Compiling architecture behavioral of entity ALU [alu_default]
Compiling architecture behavior of entity tb_alu
Time Resolution for simulation is 1ps.
Waiting for 1 sub-compilation(s) to finish...
WARNING:Simulator - Unable to copy libPortabilityNOSH.dll to the simulation executable directory: boost::filesystem::copy_file: El sistema no puede encontrar la ruta especificada, "isim\tb_ALU_isim_beh.exe.sim\libPortability.dll".
Compiled 7 VHDL Units
Built simulation executable G:/9no Semestre/Arquitectura de Computadoras/Practicas/Arquitectura/ALU/tb_ALU_isim_beh.exe
Fuse Memory Usage: 33568 KB
Fuse CPU Usage: 546 ms
