--------------------------------------------------------------------------------
Release 14.5 Trace  (nt64)
Copyright (c) 1995-2012 Xilinx, Inc.  All rights reserved.

C:\Xilinx\14.5\ISE_DS\ISE\bin\nt64\unwrapped\trce.exe -intstyle ise -v 3 -s 2
-n 3 -fastpaths -xml TOP.twx TOP.ncd -o TOP.twr TOP.pcf -ucf top.ucf

Design file:              TOP.ncd
Physical constraint file: TOP.pcf
Device,package,speed:     xc6slx9,csg225,C,-2 (PRODUCTION 1.23 2013-03-26)
Report level:             verbose report

Environment Variable      Effect 
--------------------      ------ 
NONE                      No environment variables were set
--------------------------------------------------------------------------------

INFO:Timing:2698 - No timing constraints found, doing default enumeration.
INFO:Timing:3412 - To improve timing, see the Timing Closure User Guide (UG612).
INFO:Timing:2752 - To get complete path coverage, use the unconstrained paths 
   option. All paths that are not constrained will be reported in the 
   unconstrained paths section(s) of the report.
INFO:Timing:3339 - The clock-to-out numbers in this timing report are based on 
   a 50 Ohm transmission line loading model.  For the details of this model, 
   and for more information on accounting for different loading conditions, 
   please see the device datasheet.



Data Sheet report:
-----------------
All values displayed in nanoseconds (ns)

Setup/Hold to clock clkPlaca
---------------+------------+------------+------------+------------+------------------+--------+
               |Max Setup to|  Process   |Max Hold to |  Process   |                  | Clock  |
Source         | clk (edge) |   Corner   | clk (edge) |   Corner   |Internal Clock(s) | Phase  |
---------------+------------+------------+------------+------------+------------------+--------+
entradaPlaca<0>|    2.397(F)|      SLOW  |   -0.757(F)|      FAST  |clkPlaca_BUFGP    |   0.000|
entradaPlaca<1>|    2.027(F)|      SLOW  |   -0.589(F)|      FAST  |clkPlaca_BUFGP    |   0.000|
entradaPlaca<2>|    1.890(F)|      SLOW  |   -0.480(F)|      FAST  |clkPlaca_BUFGP    |   0.000|
entradaPlaca<3>|    1.591(F)|      SLOW  |   -0.318(F)|      SLOW  |clkPlaca_BUFGP    |   0.000|
---------------+------------+------------+------------+------------+------------------+--------+

Clock clkPlaca to Pad
----------------+-----------------+------------+-----------------+------------+------------------+--------+
                |Max (slowest) clk|  Process   |Min (fastest) clk|  Process   |                  | Clock  |
Destination     |  (edge) to PAD  |   Corner   |  (edge) to PAD  |   Corner   |Internal Clock(s) | Phase  |
----------------+-----------------+------------+-----------------+------------+------------------+--------+
banderasPlaca<0>|         9.150(F)|      SLOW  |         3.697(F)|      FAST  |clkPlaca_BUFGP    |   0.000|
banderasPlaca<1>|         9.935(F)|      SLOW  |         4.175(F)|      FAST  |clkPlaca_BUFGP    |   0.000|
salidaPlaca<0>  |         9.219(F)|      SLOW  |         3.697(F)|      FAST  |clkPlaca_BUFGP    |   0.000|
salidaPlaca<1>  |         9.450(F)|      SLOW  |         3.837(F)|      FAST  |clkPlaca_BUFGP    |   0.000|
salidaPlaca<2>  |         9.418(F)|      SLOW  |         3.803(F)|      FAST  |clkPlaca_BUFGP    |   0.000|
salidaPlaca<3>  |         9.203(F)|      SLOW  |         3.703(F)|      FAST  |clkPlaca_BUFGP    |   0.000|
----------------+-----------------+------------+-----------------+------------+------------------+--------+

Clock to Setup on destination clock clkPlaca
---------------+---------+---------+---------+---------+
               | Src:Rise| Src:Fall| Src:Rise| Src:Fall|
Source Clock   |Dest:Rise|Dest:Rise|Dest:Fall|Dest:Fall|
---------------+---------+---------+---------+---------+
clkPlaca       |         |         |         |    3.515|
---------------+---------+---------+---------+---------+


Analysis completed Thu Oct 25 01:03:21 2018 
--------------------------------------------------------------------------------

Trace Settings:
-------------------------
Trace Settings 

Peak Memory Usage: 236 MB



