--------------------------------------------------------------------------------
Release 14.5 Trace  (nt64)
Copyright (c) 1995-2012 Xilinx, Inc.  All rights reserved.

C:\Xilinx\14.5\ISE_DS\ISE\bin\nt64\unwrapped\trce.exe -intstyle ise -v 3 -s 2
-n 3 -fastpaths -xml Contador2Dislay.twx Contador2Dislay.ncd -o
Contador2Dislay.twr Contador2Dislay.pcf

Design file:              Contador2Dislay.ncd
Physical constraint file: Contador2Dislay.pcf
Device,package,speed:     xc6slx9,csg225,C,-2 (PRODUCTION 1.23 2013-03-26)
Report level:             verbose report

Environment Variable      Effect 
--------------------      ------ 
NONE                      No environment variables were set
--------------------------------------------------------------------------------

INFO:Timing:2698 - No timing constraints found, doing default enumeration.
INFO:Timing:3412 - To improve timing, see the Timing Closure User Guide (UG612).
INFO:Timing:2752 - To get complete path coverage, use the unconstrained paths 
   option. All paths that are not constrained will be reported in the 
   unconstrained paths section(s) of the report.
INFO:Timing:3339 - The clock-to-out numbers in this timing report are based on 
   a 50 Ohm transmission line loading model.  For the details of this model, 
   and for more information on accounting for different loading conditions, 
   please see the device datasheet.



Data Sheet report:
-----------------
All values displayed in nanoseconds (ns)

Setup/Hold to clock clk
------------+------------+------------+------------+------------+------------------+--------+
            |Max Setup to|  Process   |Max Hold to |  Process   |                  | Clock  |
Source      | clk (edge) |   Corner   | clk (edge) |   Corner   |Internal Clock(s) | Phase  |
------------+------------+------------+------------+------------+------------------+--------+
pause       |    5.627(F)|      SLOW  |   -0.717(F)|      FAST  |clk_BUFGP         |   0.000|
reset       |    4.582(F)|      SLOW  |   -0.541(F)|      FAST  |clk_BUFGP         |   0.000|
------------+------------+------------+------------+------------+------------------+--------+

Clock clk to Pad
------------+-----------------+------------+-----------------+------------+------------------+--------+
            |Max (slowest) clk|  Process   |Min (fastest) clk|  Process   |                  | Clock  |
Destination |  (edge) to PAD  |   Corner   |  (edge) to PAD  |   Corner   |Internal Clock(s) | Phase  |
------------+-----------------+------------+-----------------+------------+------------------+--------+
habilita<0> |        10.760(F)|      SLOW  |         4.649(F)|      FAST  |clk_BUFGP         |   0.000|
habilita<1> |        11.249(F)|      SLOW  |         4.927(F)|      FAST  |clk_BUFGP         |   0.000|
salidas<0>  |        13.486(F)|      SLOW  |         5.564(F)|      FAST  |clk_BUFGP         |   0.000|
salidas<1>  |        11.176(F)|      SLOW  |         4.891(F)|      FAST  |clk_BUFGP         |   0.000|
salidas<2>  |        11.120(F)|      SLOW  |         4.904(F)|      FAST  |clk_BUFGP         |   0.000|
salidas<3>  |        13.336(F)|      SLOW  |         5.689(F)|      FAST  |clk_BUFGP         |   0.000|
salidas<4>  |        11.826(F)|      SLOW  |         4.911(F)|      FAST  |clk_BUFGP         |   0.000|
salidas<5>  |        10.904(F)|      SLOW  |         4.688(F)|      FAST  |clk_BUFGP         |   0.000|
salidas<6>  |        12.205(F)|      SLOW  |         5.346(F)|      FAST  |clk_BUFGP         |   0.000|
------------+-----------------+------------+-----------------+------------+------------------+--------+

Clock to Setup on destination clock clk
---------------+---------+---------+---------+---------+
               | Src:Rise| Src:Fall| Src:Rise| Src:Fall|
Source Clock   |Dest:Rise|Dest:Rise|Dest:Fall|Dest:Fall|
---------------+---------+---------+---------+---------+
clk            |         |         |         |    3.787|
---------------+---------+---------+---------+---------+


Analysis completed Mon Apr 23 12:44:28 2018 
--------------------------------------------------------------------------------

Trace Settings:
-------------------------
Trace Settings 

Peak Memory Usage: 236 MB



